2024-09-27 14:21:22,088 [INFO] Activator:176 - 


2024-09-27 14:21:22,096 [INFO] Activator:177 - !SESSION log4j initialized
2024-09-27 14:21:28,664 [INFO] LogOutputStream:77 - [STDOUT_REDIRECT] 
2024-09-27 14:21:30,152 [INFO] ApplicationProperties:184 - Using Application install path: C:\ST\STM32CubeIDE_1.15.0\STM32CubeIDE\plugins\com.st.stm32cube.common.mx_6.11.0.202403141607
2024-09-27 14:21:30,185 [INFO] DbMcusXml:78 - Set database path to: C:\ST\STM32CubeIDE_1.15.0\STM32CubeIDE\plugins\com.st.stm32cube.common.mx_6.11.0.202403141607\\db\/mcu/
2024-09-27 14:21:30,186 [INFO] ApiDb:274 - Set plugin database path to: C:\ST\STM32CubeIDE_1.15.0\STM32CubeIDE\plugins\com.st.stm32cube.common.mx_6.11.0.202403141607\\db\/plugins/boardmanager/
2024-09-27 14:21:30,187 [WARN] ApiDb:259 - Overriding images path with different value:  => C:\ST\STM32CubeIDE_1.15.0\STM32CubeIDE\plugins\com.st.stm32cube.common.mx_6.11.0.202403141607\\db\/plugins/mcufinder/images/
2024-09-27 14:21:30,196 [INFO] ApiDb:250 - Set database path to: C:\Users\frmen\.stmcufinder\plugins\mcufinder//mcu/
2024-09-27 14:21:30,197 [INFO] DbMcusAds:125 - Set database path to: C:\Users\frmen\.stmcufinder\plugins\mcufinder//mcu/
2024-09-27 14:21:30,199 [INFO] CrossReferenceDbSqlite:203 - Set database path to: C:\Users\frmen\.stmcufinder\plugins\mcufinder//mcu/cs/
2024-09-27 14:21:30,332 [INFO] RulesReader:64 - Compatibility file has been processed (297 Rules)
2024-09-27 14:21:30,463 [INFO] DbMcusXml:78 - Set database path to: C:\ST\STM32CubeIDE_1.15.0\STM32CubeIDE\plugins\com.st.stm32cube.common.mx_6.11.0.202403141607\\db\/mcu/
2024-09-27 14:21:30,464 [INFO] ApiDb:274 - Set plugin database path to: C:\ST\STM32CubeIDE_1.15.0\STM32CubeIDE\plugins\com.st.stm32cube.common.mx_6.11.0.202403141607\\db\/plugins/boardmanager/
2024-09-27 14:21:30,464 [INFO] ApiDb:261 - Set plugin images path to: C:\ST\STM32CubeIDE_1.15.0\STM32CubeIDE\plugins\com.st.stm32cube.common.mx_6.11.0.202403141607\\db\/plugins/mcufinder/images/
2024-09-27 14:21:30,464 [WARN] DbFile:41 - Overriding database path with different value: C:\Users\frmen\.stmcufinder\plugins\mcufinder/ => C:\Users\frmen\.stmcufinder\plugins\mcufinder
2024-09-27 14:21:30,464 [INFO] ApiDb:250 - Set database path to: C:\Users\frmen\.stmcufinder\plugins\mcufinder//mcu/
2024-09-27 14:21:30,464 [WARN] DbFile:41 - Overriding database path with different value: C:\Users\frmen\.stmcufinder\plugins\mcufinder/ => C:\Users\frmen\.stmcufinder\plugins\mcufinder
2024-09-27 14:21:30,464 [INFO] DbMcusAds:125 - Set database path to: C:\Users\frmen\.stmcufinder\plugins\mcufinder//mcu/
2024-09-27 14:21:30,464 [WARN] DbFile:41 - Overriding database path with different value: C:\Users\frmen\.stmcufinder\plugins\mcufinder/ => C:\Users\frmen\.stmcufinder\plugins\mcufinder
2024-09-27 14:21:30,464 [WARN] DbFile:41 - Overriding database path with different value: C:\Users\frmen\.stmcufinder\plugins\mcufinder/ => C:\Users\frmen\.stmcufinder\plugins\mcufinder
2024-09-27 14:21:30,464 [INFO] CrossReferenceDbSqlite:203 - Set database path to: C:\Users\frmen\.stmcufinder\plugins\mcufinder//mcu/cs/
2024-09-27 14:21:30,576 [INFO] MainPanel:264 - HeapMemory: 268435456
2024-09-27 14:21:30,726 [INFO] DbMcusXml:78 - Set database path to: C:\ST\STM32CubeIDE_1.15.0\STM32CubeIDE\plugins\com.st.stm32cube.common.mx_6.11.0.202403141607\\db\/mcu/
2024-09-27 14:21:30,726 [INFO] ApiDb:274 - Set plugin database path to: C:\ST\STM32CubeIDE_1.15.0\STM32CubeIDE\plugins\com.st.stm32cube.common.mx_6.11.0.202403141607\\db\/plugins/boardmanager/
2024-09-27 14:21:30,726 [INFO] ApiDb:261 - Set plugin images path to: C:\ST\STM32CubeIDE_1.15.0\STM32CubeIDE\plugins\com.st.stm32cube.common.mx_6.11.0.202403141607\\db\/plugins/mcufinder/images/
2024-09-27 14:21:30,726 [WARN] DbFile:41 - Overriding database path with different value: C:\Users\frmen\.stmcufinder\plugins\mcufinder/ => C:\Users\frmen\.stmcufinder\plugins\mcufinder
2024-09-27 14:21:30,726 [INFO] ApiDb:250 - Set database path to: C:\Users\frmen\.stmcufinder\plugins\mcufinder//mcu/
2024-09-27 14:21:30,726 [WARN] DbFile:41 - Overriding database path with different value: C:\Users\frmen\.stmcufinder\plugins\mcufinder/ => C:\Users\frmen\.stmcufinder\plugins\mcufinder
2024-09-27 14:21:30,726 [INFO] DbMcusAds:125 - Set database path to: C:\Users\frmen\.stmcufinder\plugins\mcufinder//mcu/
2024-09-27 14:21:30,726 [WARN] DbFile:41 - Overriding database path with different value: C:\Users\frmen\.stmcufinder\plugins\mcufinder/ => C:\Users\frmen\.stmcufinder\plugins\mcufinder
2024-09-27 14:21:30,726 [WARN] DbFile:41 - Overriding database path with different value: C:\Users\frmen\.stmcufinder\plugins\mcufinder/ => C:\Users\frmen\.stmcufinder\plugins\mcufinder
2024-09-27 14:21:30,726 [INFO] CrossReferenceDbSqlite:203 - Set database path to: C:\Users\frmen\.stmcufinder\plugins\mcufinder//mcu/cs/
2024-09-27 14:21:30,754 [INFO] ApplicationProperties:184 - Using Application install path: C:\ST\STM32CubeIDE_1.15.0\STM32CubeIDE\plugins\com.st.stm32cube.common.mx_6.11.0.202403141607
2024-09-27 14:21:30,758 [INFO] PluginManage:196 - Search for loadable plugins [exclusion list=, ]
2024-09-27 14:21:30,761 [INFO] PluginManage:310 - Check plugin analytics
2024-09-27 14:21:31,055 [INFO] AnalyticsPlugin:253 - Accepted Software Licenses: 
2024-09-27 14:21:31,056 [INFO] AnalyticsPlugin:255 - Accepted CMSIS Pack Licenses: STMicroelectronics.X-CUBE-ALGOBUILD.1.4.0
2024-09-27 14:21:31,056 [INFO] AnalyticsPlugin:257 - Accepted Firmware Licenses: 
2024-09-27 14:21:31,061 [INFO] PluginManage:359 - Loaded plugin analytics (category:tool,tabindex:-1)
2024-09-27 14:21:31,061 [INFO] PluginManage:310 - Check plugin cadmodel
2024-09-27 14:21:31,071 [INFO] CADModel:105 - Init CAD model plugin
2024-09-27 14:21:31,072 [INFO] PluginManage:359 - Loaded plugin cadmodel (category:power,tabindex:5)
2024-09-27 14:21:31,072 [INFO] PluginManage:310 - Check plugin clock
2024-09-27 14:21:31,098 [INFO] PluginManage:359 - Loaded plugin clock (category:base,tabindex:2)
2024-09-27 14:21:31,098 [INFO] PluginManage:310 - Check plugin ddr
2024-09-27 14:21:31,100 [INFO] PluginManage:359 - Loaded plugin ddr (category:tool,tabindex:6)
2024-09-27 14:21:31,101 [INFO] PluginManage:310 - Check plugin filemanager
2024-09-27 14:21:31,312 [INFO] PluginManage:359 - Loaded plugin filemanager (category:base,tabindex:10)
2024-09-27 14:21:31,312 [INFO] PluginManage:310 - Check plugin ipmanager
2024-09-27 14:21:31,326 [INFO] PluginManage:359 - Loaded plugin ipmanager (category:base,tabindex:5)
2024-09-27 14:21:31,327 [INFO] PluginManage:310 - Check plugin lpbam
2024-09-27 14:21:31,343 [INFO] PluginManage:359 - Loaded plugin lpbam (category:base,tabindex:0)
2024-09-27 14:21:31,344 [INFO] PluginManage:310 - Check plugin memorymap
2024-09-27 14:21:31,457 [INFO] PluginManage:359 - Loaded plugin memorymap (category:base,tabindex:4)
2024-09-27 14:21:31,457 [INFO] PluginManage:310 - Check plugin pinoutandconfiguration
2024-09-27 14:21:31,478 [INFO] PluginManage:359 - Loaded plugin pinoutandconfiguration (category:base,tabindex:1)
2024-09-27 14:21:31,478 [INFO] PluginManage:310 - Check plugin pinoutconfig
2024-09-27 14:21:31,658 [WARN] SupportedApi:132 - Cannot load RTOS API schema: s4s-elt-must-match.1: The content of 'definitions' must match (annotation?, (simpleType | complexType)?, (unique | key | keyref)*)). A problem was found starting at: attribute.
2024-09-27 14:21:31,922 [INFO] PluginManage:359 - Loaded plugin pinoutconfig (category:base,tabindex:0)
2024-09-27 14:21:31,923 [INFO] PluginManage:310 - Check plugin power
2024-09-27 14:21:31,964 [INFO] PluginManage:359 - Loaded plugin power (category:power,tabindex:4)
2024-09-27 14:21:31,965 [INFO] PluginManage:310 - Check plugin projectmanager
2024-09-27 14:21:32,003 [INFO] PluginManage:359 - Loaded plugin projectmanager (category:projectmanager,tabindex:3)
2024-09-27 14:21:32,003 [INFO] PluginManage:310 - Check plugin thirdparty
2024-09-27 14:21:32,292 [WARN] IntegrityCheckThread:84 - waiting for thirdparty lock release [integrity check]
2024-09-27 14:21:32,292 [INFO] IntegrityCheckThread:86 - entering critical section [integrity check]
2024-09-27 14:21:32,294 [INFO] PluginManage:359 - Loaded plugin thirdparty (category:base,tabindex:-1)
2024-09-27 14:21:32,294 [INFO] PluginManage:310 - Check plugin tools
2024-09-27 14:21:32,295 [INFO] ThirdPartyUpdaterWithRetryManager:70 - Updater plugin not ready yet. [1/15]
2024-09-27 14:21:32,301 [INFO] PluginManage:359 - Loaded plugin tools (category:base,tabindex:7)
2024-09-27 14:21:32,301 [INFO] PluginManage:310 - Check plugin tutovideos
2024-09-27 14:21:32,530 [INFO] PluginManage:359 - Loaded plugin tutovideos (category:base,tabindex:-1)
2024-09-27 14:21:32,530 [INFO] PluginManage:310 - Check plugin updater
2024-09-27 14:21:32,547 [INFO] PluginManage:359 - Loaded plugin updater (category:base,tabindex:12)
2024-09-27 14:21:32,547 [INFO] PluginManage:310 - Check plugin userauth
2024-09-27 14:21:32,553 [INFO] UserAuth:114 - Init User Auth plugin
2024-09-27 14:21:32,553 [INFO] PluginManage:359 - Loaded plugin userauth (category:base,tabindex:14)
2024-09-27 14:21:32,554 [INFO] PluginManage:283 - PluginManage : Loaded plugins [17]
2024-09-27 14:21:32,890 [INFO] PinOutPanel:1561 - setPackage(No Configuration,No Configuration)
2024-09-27 14:21:32,983 [INFO] CADModel:165 - CPN selected for project level
2024-09-27 14:21:32,983 [INFO] CADModel:114 - Register for checkConnection events
2024-09-27 14:21:33,006 [INFO] IPUIPlugin:80 - create IPUIPlugin
2024-09-27 14:21:33,006 [INFO] PluginManager:220 - loadIPPluginJar : add adc
2024-09-27 14:21:33,008 [INFO] IPUIPlugin:80 - create IPUIPlugin
2024-09-27 14:21:33,008 [INFO] PluginManager:220 - loadIPPluginJar : add aes
2024-09-27 14:21:33,011 [INFO] IPUIPlugin:80 - create IPUIPlugin
2024-09-27 14:21:33,011 [INFO] PluginManager:220 - loadIPPluginJar : add can
2024-09-27 14:21:33,013 [INFO] IPUIPlugin:80 - create IPUIPlugin
2024-09-27 14:21:33,013 [INFO] PluginManager:220 - loadIPPluginJar : add comp
2024-09-27 14:21:33,015 [INFO] IPUIPlugin:80 - create IPUIPlugin
2024-09-27 14:21:33,016 [INFO] PluginManager:220 - loadIPPluginJar : add cryp
2024-09-27 14:21:33,017 [INFO] IPUIPlugin:80 - create IPUIPlugin
2024-09-27 14:21:33,019 [INFO] PluginManager:220 - loadIPPluginJar : add dfsdm
2024-09-27 14:21:33,024 [INFO] IPUIPlugin:80 - create IPUIPlugin
2024-09-27 14:21:33,024 [INFO] PluginManager:220 - loadIPPluginJar : add dma
2024-09-27 14:21:33,026 [INFO] IPUIPlugin:80 - create IPUIPlugin
2024-09-27 14:21:33,026 [INFO] PluginManager:220 - loadIPPluginJar : add dma3
2024-09-27 14:21:33,029 [INFO] IPUIPlugin:80 - create IPUIPlugin
2024-09-27 14:21:33,029 [INFO] PluginManager:220 - loadIPPluginJar : add extmemmanager
2024-09-27 14:21:33,031 [INFO] IPUIPlugin:80 - create IPUIPlugin
2024-09-27 14:21:33,031 [INFO] PluginManager:220 - loadIPPluginJar : add fatfs
2024-09-27 14:21:33,036 [INFO] IPUIPlugin:80 - create IPUIPlugin
2024-09-27 14:21:33,036 [INFO] PluginManager:220 - loadIPPluginJar : add fmc
2024-09-27 14:21:33,045 [INFO] IPUIPlugin:80 - create IPUIPlugin
2024-09-27 14:21:33,045 [INFO] PluginManager:220 - loadIPPluginJar : add freertos
2024-09-27 14:21:33,046 [INFO] IPUIPlugin:80 - create IPUIPlugin
2024-09-27 14:21:33,046 [INFO] PluginManager:220 - loadIPPluginJar : add genericplugin
2024-09-27 14:21:33,050 [INFO] IPUIPlugin:80 - create IPUIPlugin
2024-09-27 14:21:33,050 [INFO] PluginManager:220 - loadIPPluginJar : add gfxmmu
2024-09-27 14:21:33,054 [INFO] IPUIPlugin:80 - create IPUIPlugin
2024-09-27 14:21:33,054 [INFO] PluginManager:220 - loadIPPluginJar : add gic
2024-09-27 14:21:33,060 [INFO] IPUIPlugin:80 - create IPUIPlugin
2024-09-27 14:21:33,060 [INFO] PluginManager:220 - loadIPPluginJar : add gpio
2024-09-27 14:21:33,066 [INFO] IPUIPlugin:80 - create IPUIPlugin
2024-09-27 14:21:33,066 [INFO] PluginManager:220 - loadIPPluginJar : add gtzc
2024-09-27 14:21:33,070 [INFO] IPUIPlugin:80 - create IPUIPlugin
2024-09-27 14:21:33,070 [INFO] PluginManager:220 - loadIPPluginJar : add hash
2024-09-27 14:21:33,076 [INFO] IPUIPlugin:80 - create IPUIPlugin
2024-09-27 14:21:33,076 [INFO] PluginManager:220 - loadIPPluginJar : add i2c
2024-09-27 14:21:33,081 [INFO] IPUIPlugin:80 - create IPUIPlugin
2024-09-27 14:21:33,081 [INFO] PluginManager:220 - loadIPPluginJar : add i2s
2024-09-27 14:21:33,086 [INFO] IPUIPlugin:80 - create IPUIPlugin
2024-09-27 14:21:33,086 [INFO] PluginManager:220 - loadIPPluginJar : add i3c
2024-09-27 14:21:33,091 [INFO] IPUIPlugin:80 - create IPUIPlugin
2024-09-27 14:21:33,092 [INFO] PluginManager:220 - loadIPPluginJar : add ipddr
2024-09-27 14:21:33,098 [INFO] IPUIPlugin:80 - create IPUIPlugin
2024-09-27 14:21:33,099 [INFO] PluginManager:220 - loadIPPluginJar : add linkedlist
2024-09-27 14:21:33,103 [INFO] IPUIPlugin:80 - create IPUIPlugin
2024-09-27 14:21:33,103 [INFO] PluginManager:220 - loadIPPluginJar : add lorawan
2024-09-27 14:21:33,104 [INFO] IPUIPlugin:80 - create IPUIPlugin
2024-09-27 14:21:33,105 [INFO] PluginManager:220 - loadIPPluginJar : add ltdc
2024-09-27 14:21:33,117 [INFO] IPUIPlugin:80 - create IPUIPlugin
2024-09-27 14:21:33,117 [INFO] PluginManager:220 - loadIPPluginJar : add mdma
2024-09-27 14:21:33,121 [INFO] IPUIPlugin:80 - create IPUIPlugin
2024-09-27 14:21:33,121 [INFO] PluginManager:220 - loadIPPluginJar : add nvic
2024-09-27 14:21:33,125 [INFO] IPUIPlugin:80 - create IPUIPlugin
2024-09-27 14:21:33,125 [INFO] PluginManager:220 - loadIPPluginJar : add opamp
2024-09-27 14:21:33,128 [INFO] IPUIPlugin:80 - create IPUIPlugin
2024-09-27 14:21:33,128 [INFO] PluginManager:220 - loadIPPluginJar : add openamp
2024-09-27 14:21:33,133 [INFO] IPUIPlugin:80 - create IPUIPlugin
2024-09-27 14:21:33,133 [INFO] PluginManager:220 - loadIPPluginJar : add pdm2pcm
2024-09-27 14:21:33,140 [INFO] IPUIPlugin:80 - create IPUIPlugin
2024-09-27 14:21:33,142 [INFO] PluginManager:220 - loadIPPluginJar : add plateformsettings
2024-09-27 14:21:33,144 [INFO] IPUIPlugin:80 - create IPUIPlugin
2024-09-27 14:21:33,144 [INFO] PluginManager:220 - loadIPPluginJar : add quadspi
2024-09-27 14:21:33,150 [INFO] IPUIPlugin:80 - create IPUIPlugin
2024-09-27 14:21:33,150 [INFO] PluginManager:220 - loadIPPluginJar : add resmgrutility
2024-09-27 14:21:33,154 [INFO] IPUIPlugin:80 - create IPUIPlugin
2024-09-27 14:21:33,154 [INFO] PluginManager:220 - loadIPPluginJar : add sai
2024-09-27 14:21:33,157 [INFO] IPUIPlugin:80 - create IPUIPlugin
2024-09-27 14:21:33,157 [INFO] PluginManager:220 - loadIPPluginJar : add spi
2024-09-27 14:21:33,164 [INFO] IPUIPlugin:80 - create IPUIPlugin
2024-09-27 14:21:33,164 [INFO] PluginManager:220 - loadIPPluginJar : add stm32_wpan
2024-09-27 14:21:33,167 [INFO] IPUIPlugin:80 - create IPUIPlugin
2024-09-27 14:21:33,167 [INFO] PluginManager:220 - loadIPPluginJar : add tim
2024-09-27 14:21:33,171 [INFO] IPUIPlugin:80 - create IPUIPlugin
2024-09-27 14:21:33,172 [INFO] PluginManager:220 - loadIPPluginJar : add touchsensing
2024-09-27 14:21:33,175 [INFO] IPUIPlugin:80 - create IPUIPlugin
2024-09-27 14:21:33,175 [INFO] PluginManager:220 - loadIPPluginJar : add tracer_emb
2024-09-27 14:21:33,179 [INFO] IPUIPlugin:80 - create IPUIPlugin
2024-09-27 14:21:33,179 [INFO] PluginManager:220 - loadIPPluginJar : add ts
2024-09-27 14:21:33,182 [INFO] IPUIPlugin:80 - create IPUIPlugin
2024-09-27 14:21:33,182 [INFO] PluginManager:220 - loadIPPluginJar : add tsc
2024-09-27 14:21:33,185 [INFO] IPUIPlugin:80 - create IPUIPlugin
2024-09-27 14:21:33,185 [INFO] PluginManager:220 - loadIPPluginJar : add ucpd
2024-09-27 14:21:33,188 [INFO] IPUIPlugin:80 - create IPUIPlugin
2024-09-27 14:21:33,189 [INFO] PluginManager:220 - loadIPPluginJar : add usart
2024-09-27 14:21:33,193 [INFO] IPUIPlugin:80 - create IPUIPlugin
2024-09-27 14:21:33,193 [INFO] PluginManager:220 - loadIPPluginJar : add usbx
2024-09-27 14:21:33,348 [INFO] CADModel:165 - CPN selected for project level
2024-09-27 14:21:33,348 [INFO] CADModel:114 - Register for checkConnection events
2024-09-27 14:21:33,348 [FATAL] Updater:308 - Updater called before beeing initialized
2024-09-27 14:21:33,348 [ERROR] CADModel:125 - Updater not yet initialized, retry later 
2024-09-27 14:21:33,543 [INFO] CADModel:165 - CPN selected for project level
2024-09-27 14:21:33,544 [INFO] CADModel:114 - Register for checkConnection events
2024-09-27 14:21:33,544 [FATAL] Updater:308 - Updater called before beeing initialized
2024-09-27 14:21:33,544 [ERROR] CADModel:125 - Updater not yet initialized, retry later 
2024-09-27 14:21:33,548 [FATAL] Updater:308 - Updater called before beeing initialized
2024-09-27 14:21:33,685 [FATAL] Updater:308 - Updater called before beeing initialized
2024-09-27 14:21:33,688 [INFO] DbMcusAds:53 - JSON generation date=Thu May 16 11:22:00 CEST 2024 (1715851320667)
2024-09-27 14:21:33,688 [FATAL] Updater:308 - Updater called before beeing initialized
2024-09-27 14:21:33,733 [WARN] DetailPanel:346 - Failed to get advertising image, set to default
2024-09-27 14:21:33,826 [FATAL] Updater:308 - Updater called before beeing initialized
2024-09-27 14:21:33,829 [FATAL] Updater:308 - Updater called before beeing initialized
2024-09-27 14:21:33,830 [FATAL] Updater:308 - Updater called before beeing initialized
2024-09-27 14:21:33,830 [WARN] DetailPanel:346 - Failed to get advertising image, set to default
2024-09-27 14:21:33,832 [FATAL] Updater:308 - Updater called before beeing initialized
2024-09-27 14:21:33,997 [ERROR] Updater:1120 - MainUpdater not yet initialized. External WinMGr cannot be set.
2024-09-27 14:21:34,005 [INFO] Updater:1056 - Updater Version found : 6.11.0
2024-09-27 14:21:34,053 [INFO] ApplicationProperties:184 - Using Application install path: C:\ST\STM32CubeIDE_1.15.0\STM32CubeIDE\plugins\com.st.stm32cube.common.mx_6.11.0.202403141607
2024-09-27 14:21:35,295 [INFO] ThirdPartyUpdaterWithRetryManager:70 - Updater plugin not ready yet. [2/15]
2024-09-27 14:21:35,629 [ERROR] LogOutputStream:75 - [STDERR_REDIRECT] Sep 27, 2024 2:21:35 PM java.util.prefs.WindowsPreferences <init>
2024-09-27 14:21:35,630 [ERROR] LogOutputStream:75 - [STDERR_REDIRECT] WARNING: Could not open/create prefs root node Software\JavaSoft\Prefs at root 0xffffffff80000002. Windows RegCreateKeyEx(...) returned error code 5.
2024-09-27 14:21:35,630 [ERROR] LogOutputStream:75 - [STDERR_REDIRECT] 
2024-09-27 14:21:36,097 [INFO] MainUpdater:2873 - connection check result : 10
2024-09-27 14:21:36,097 [INFO] MainUpdater:3567 - Updater definition file requires update
2024-09-27 14:21:36,099 [INFO] MainUpdater:290 - Updater Check For Update Now.
2024-09-27 14:21:36,099 [INFO] MicroXplorer:498 - Change Database Version : DB.6.0.110
2024-09-27 14:21:36,116 [INFO] McuFinderGlobals:63 - Set McuFinder mode to 2 (CubeIDE integrated)
2024-09-27 14:21:36,122 [INFO] UserAuth:415 - Internet connection configuration mode: 1
2024-09-27 14:21:36,144 [INFO] JxBrowserEngine:152 - Initiate JxBrowser Engine with user profile folder
2024-09-27 14:21:36,211 [INFO] ServerAccessManage:473 - Download File updaters.zip
2024-09-27 14:21:36,326 [INFO] FileExtend:240 - Unzip File : updaters.zip
2024-09-27 14:21:36,326 [INFO] FileExtend:255 - Standard Zip Deflate
2024-09-27 14:21:36,843 [INFO] ServerAccessManage:473 - Download File PacksControlFlags.xml
2024-09-27 14:21:36,958 [INFO] ServerAccessManage:473 - Download File cubemx.pidx
2024-09-27 14:21:38,296 [WARN] MainUpdater:1194 - Updater busy. Cannot search thirdparties
2024-09-27 14:21:38,296 [INFO] ThirdPartyUpdaterWithRetryManager:96 - Updater plugin is busy. [1/15]
2024-09-27 14:21:40,179 [INFO] ServerAccessManage:473 - Download File STMicroelectronics.X-CUBE-NFC9.pdsc
2024-09-27 14:21:40,354 [INFO] ServerAccessManage:473 - Download File STMicroelectronics.X-CUBE-NFC10.pdsc
2024-09-27 14:21:40,635 [INFO] WebApp:161 - Instantiating new browser for Auth
2024-09-27 14:21:40,640 [INFO] ServerAccessManage:473 - Download File STMicroelectronics.X-CUBE-TOUCHGFX.pdsc
2024-09-27 14:21:41,298 [WARN] MainUpdater:1194 - Updater busy. Cannot search thirdparties
2024-09-27 14:21:41,298 [INFO] ThirdPartyUpdaterWithRetryManager:96 - Updater plugin is busy. [2/15]
2024-09-27 14:21:41,453 [INFO] WebApp:779 - Register for checkConnection events
2024-09-27 14:21:41,453 [INFO] WebApp:414 - Apply proxy settings
2024-09-27 14:21:41,453 [INFO] WebApp:499 - Chromium requires no authentication
2024-09-27 14:21:41,463 [INFO] WebApp:442 - Direct internet connection detected
2024-09-27 14:21:41,657 [INFO] WebApp:192 - Starting web application
2024-09-27 14:21:41,657 [INFO] WebApp:544 - Web application path used C:\ST\STM32CubeIDE_1.15.0\STM32CubeIDE\plugins\com.st.stm32cube.common.mx_6.11.0.202403141607\db\plugins\mcufinder\reactClient1\index.html
2024-09-27 14:21:42,700 [WARN] PackLoader:240 - Cannot read IP mode file for STMicroelectronics.X-CUBE-NFC9.1.0.0
2024-09-27 14:21:42,710 [WARN] PackLoader:240 - Cannot read IP mode file for STMicroelectronics.X-CUBE-NFC10.1.0.0
2024-09-27 14:21:42,718 [WARN] PackLoader:240 - Cannot read IP mode file for STMicroelectronics.X-CUBE-TOUCHGFX.4.24.1
2024-09-27 14:21:42,718 [INFO] PopulateThirdPartyThread:66 - Ending populate Thread
2024-09-27 14:21:42,724 [INFO] ThirdParty:1030 - CMSIS Pack Vendor :STMicroelectronics X-CUBE-NFC9 1.0.0
2024-09-27 14:21:42,724 [INFO] ThirdParty:1030 - CMSIS Pack Vendor :STMicroelectronics X-CUBE-NFC10 1.0.0
2024-09-27 14:21:42,724 [INFO] ThirdParty:1030 - CMSIS Pack Vendor :STMicroelectronics X-CUBE-TOUCHGFX 4.24.1
2024-09-27 14:21:42,724 [INFO] LoadServerUpdatesThread:375 - End of LoadServerUpdate Thread
2024-09-27 14:21:42,726 [INFO] CheckServerUpdateThread:120 - End of CheckServer Thread
2024-09-27 14:21:44,202 [INFO] McuFinderGlobals:63 - Set McuFinder mode to 2 (CubeIDE integrated)
2024-09-27 14:21:44,207 [INFO] MainUpdater:2873 - connection check result : 10
2024-09-27 14:21:44,208 [INFO] MainUpdater:2873 - connection check result : 10
2024-09-27 14:21:44,259 [INFO] MicroXplorer:468 - Change Database Path : 
2024-09-27 14:21:44,259 [INFO] MicroXplorer:498 - Change Database Version : DB.6.0.110
2024-09-27 14:21:44,273 [WARN] ThirdParty:871 - waiting for thirdparty lock release [close project]
2024-09-27 14:21:44,590 [WARN] PackLoader:240 - Cannot read IP mode file for STMicroelectronics.FP-SNS-MOTENVWB1.1.4.0
2024-09-27 14:21:44,640 [WARN] PackLoader:240 - Cannot read IP mode file for STMicroelectronics.X-CUBE-SMBUS.2.1.0
2024-09-27 14:21:44,645 [WARN] PackLoader:240 - Cannot read IP mode file for STMicroelectronics.X-CUBE-TOUCHGFX.4.23.2
2024-09-27 14:21:44,672 [WARN] PackLoader:240 - Cannot read IP mode file for STMicroelectronics.X-CUBE-AZRTOS-F7.1.1.0
2024-09-27 14:21:44,721 [WARN] PackLoader:240 - Cannot read IP mode file for STMicroelectronics.X-CUBE-MEMS1.11.0.0
2024-09-27 14:21:44,812 [WARN] PackLoader:240 - Cannot read IP mode file for STMicroelectronics.FP-SNS-FLIGHT1.5.0.2
2024-09-27 14:21:44,821 [WARN] PackLoader:240 - Cannot read IP mode file for STMicroelectronics.X-CUBE-DISPLAY.3.0.0
2024-09-27 14:21:44,836 [WARN] PackLoader:240 - Cannot read IP mode file for STMicroelectronics.X-CUBE-BLE1.7.0.0
2024-09-27 14:21:44,840 [WARN] PackLoader:240 - Cannot read IP mode file for STMicroelectronics.X-CUBE-NFC10.1.0.0
2024-09-27 14:21:44,847 [WARN] PackLoader:240 - Cannot read IP mode file for emotas.I-CUBE-CANOPEN.1.3.0
2024-09-27 14:21:44,855 [WARN] PackLoader:240 - Cannot read IP mode file for STMicroelectronics.X-CUBE-BLEMGR.3.1.0
2024-09-27 14:21:44,863 [WARN] PackLoader:240 - Cannot read IP mode file for STMicroelectronics.FP-SNS-SMARTAG2.1.2.0
2024-09-27 14:21:44,873 [INFO] LogOutputStream:77 - [STDOUT_REDIRECT] 1 : Invalid condition id : UX_CORESTACK_Condition cause : null
2024-09-27 14:21:44,875 [INFO] LogOutputStream:77 - [STDOUT_REDIRECT] 1 : Invalid condition id : UX_CORESTACK_Condition cause : null
2024-09-27 14:21:44,878 [INFO] LogOutputStream:77 - [STDOUT_REDIRECT] 1 : Invalid condition id : UX_CORESTACK_Condition cause : null
2024-09-27 14:21:44,880 [INFO] LogOutputStream:77 - [STDOUT_REDIRECT] 1 : Invalid condition id : UX_CORESTACK_Condition cause : null
2024-09-27 14:21:44,883 [INFO] LogOutputStream:77 - [STDOUT_REDIRECT] 1 : Invalid condition id : UX_CORESTACK_Condition cause : null
2024-09-27 14:21:44,885 [WARN] PackLoader:240 - Cannot read IP mode file for STMicroelectronics.X-CUBE-AZRTOS-WL.2.0.0
2024-09-27 14:21:44,895 [WARN] PackLoader:240 - Cannot read IP mode file for STMicroelectronics.FP-SNS-MOTENV1.5.0.0
2024-09-27 14:21:44,901 [WARN] PackLoader:240 - Cannot read IP mode file for wolfSSL.I-CUBE-wolfMQTT.1.19.0
2024-09-27 14:21:44,930 [WARN] PackLoader:240 - Cannot read IP mode file for WES.I-CUBE-Cesium.1.3.0
2024-09-27 14:21:44,937 [WARN] PackLoader:240 - Cannot read IP mode file for STMicroelectronics.X-CUBE-BLE2.3.3.0
2024-09-27 14:21:44,972 [WARN] PackLoader:240 - Cannot read IP mode file for STMicroelectronics.X-CUBE-NFC9.1.0.0
2024-09-27 14:21:44,980 [WARN] PackLoader:240 - Cannot read IP mode file for STMicroelectronics.X-CUBE-TCPP.4.1.0
2024-09-27 14:21:44,990 [WARN] PackLoader:240 - Cannot read IP mode file for STMicroelectronics.X-CUBE-ALGOBUILD.1.3.0
2024-09-27 14:21:45,005 [WARN] PackLoader:240 - Cannot read IP mode file for STMicroelectronics.X-CUBE-AZRTOS-G0.1.1.0
2024-09-27 14:21:45,010 [WARN] PackLoader:240 - Cannot read IP mode file for STMicroelectronics.X-CUBE-SAFEA1.1.2.2
2024-09-27 14:21:45,015 [WARN] PackLoader:240 - Cannot read IP mode file for STMicroelectronics.X-CUBE-NFC4.3.0.0
2024-09-27 14:21:45,027 [WARN] PackLoader:240 - Cannot read IP mode file for EmbeddedOffice.I-CUBE-FS-RTOS.1.0.1
2024-09-27 14:21:45,027 [ERROR] ConditionMgr:805 - Attr not supported : Dmpu
2024-09-27 14:21:45,027 [ERROR] ConditionMgr:805 - Attr not supported : Dmpu
2024-09-27 14:21:45,027 [ERROR] ConditionMgr:805 - Attr not supported : Dmpu
2024-09-27 14:21:45,027 [ERROR] ConditionMgr:805 - Attr not supported : Dmpu
2024-09-27 14:21:45,027 [ERROR] ConditionMgr:805 - Attr not supported : Dmpu
2024-09-27 14:21:45,027 [ERROR] ConditionMgr:805 - Attr not supported : Dmpu
2024-09-27 14:21:45,027 [ERROR] ConditionMgr:805 - Attr not supported : Dmpu
2024-09-27 14:21:45,027 [ERROR] ConditionMgr:805 - Attr not supported : Dmpu
2024-09-27 14:21:45,027 [ERROR] ConditionMgr:805 - Attr not supported : Dmpu
2024-09-27 14:21:45,027 [ERROR] ConditionMgr:805 - Attr not supported : Dmpu
2024-09-27 14:21:45,027 [ERROR] ConditionMgr:805 - Attr not supported : Dmpu
2024-09-27 14:21:45,027 [ERROR] ConditionMgr:805 - Attr not supported : Dmpu
2024-09-27 14:21:45,027 [ERROR] ConditionMgr:805 - Attr not supported : Dmpu
2024-09-27 14:21:45,027 [ERROR] ConditionMgr:805 - Attr not supported : Dmpu
2024-09-27 14:21:45,027 [ERROR] ConditionMgr:805 - Attr not supported : Dmpu
2024-09-27 14:21:45,027 [ERROR] ConditionMgr:805 - Attr not supported : Dmpu
2024-09-27 14:21:45,027 [ERROR] ConditionMgr:805 - Attr not supported : Dmpu
2024-09-27 14:21:45,027 [ERROR] ConditionMgr:805 - Attr not supported : Dmpu
2024-09-27 14:21:45,027 [ERROR] ConditionMgr:805 - Attr not supported : Dmpu
2024-09-27 14:21:45,027 [ERROR] ConditionMgr:805 - Attr not supported : Dmpu
2024-09-27 14:21:45,028 [ERROR] ConditionMgr:805 - Attr not supported : Dmpu
2024-09-27 14:21:45,028 [ERROR] ConditionMgr:805 - Attr not supported : Dmpu
2024-09-27 14:21:45,028 [ERROR] ConditionMgr:805 - Attr not supported : Dmpu
2024-09-27 14:21:45,028 [ERROR] ConditionMgr:805 - Attr not supported : Dmpu
2024-09-27 14:21:45,028 [ERROR] ConditionMgr:805 - Attr not supported : Dmpu
2024-09-27 14:21:45,028 [ERROR] ConditionMgr:805 - Attr not supported : Dmpu
2024-09-27 14:21:45,028 [ERROR] ConditionMgr:805 - Attr not supported : Dmpu
2024-09-27 14:21:45,028 [ERROR] ConditionMgr:805 - Attr not supported : Dmpu
2024-09-27 14:21:45,028 [ERROR] ConditionMgr:805 - Attr not supported : Dmpu
2024-09-27 14:21:45,028 [ERROR] ConditionMgr:805 - Attr not supported : Dmpu
2024-09-27 14:21:45,028 [ERROR] ConditionMgr:805 - Attr not supported : Dmpu
2024-09-27 14:21:45,028 [ERROR] ConditionMgr:805 - Attr not supported : Dmpu
2024-09-27 14:21:45,028 [ERROR] ConditionMgr:805 - Attr not supported : Dmpu
2024-09-27 14:21:45,028 [ERROR] ConditionMgr:805 - Attr not supported : Dmpu
2024-09-27 14:21:45,028 [ERROR] ConditionMgr:805 - Attr not supported : Dmpu
2024-09-27 14:21:45,028 [ERROR] ConditionMgr:805 - Attr not supported : Dmpu
2024-09-27 14:21:45,028 [ERROR] ConditionMgr:805 - Attr not supported : Dmpu
2024-09-27 14:21:45,028 [ERROR] ConditionMgr:805 - Attr not supported : Dmpu
2024-09-27 14:21:45,028 [ERROR] ConditionMgr:805 - Attr not supported : Dmpu
2024-09-27 14:21:45,028 [ERROR] ConditionMgr:805 - Attr not supported : Dmpu
2024-09-27 14:21:45,028 [ERROR] ConditionMgr:805 - Attr not supported : Dmpu
2024-09-27 14:21:45,028 [ERROR] ConditionMgr:805 - Attr not supported : Dmpu
2024-09-27 14:21:45,028 [ERROR] ConditionMgr:805 - Attr not supported : Dmpu
2024-09-27 14:21:45,028 [ERROR] ConditionMgr:805 - Attr not supported : Dmpu
2024-09-27 14:21:45,028 [ERROR] ConditionMgr:805 - Attr not supported : Dmpu
2024-09-27 14:21:45,028 [ERROR] ConditionMgr:805 - Attr not supported : Dmpu
2024-09-27 14:21:45,028 [ERROR] ConditionMgr:805 - Attr not supported : Dmpu
2024-09-27 14:21:45,028 [ERROR] ConditionMgr:805 - Attr not supported : Dmpu
2024-09-27 14:21:45,028 [ERROR] ConditionMgr:805 - Attr not supported : Dmpu
2024-09-27 14:21:45,028 [ERROR] ConditionMgr:805 - Attr not supported : Dmpu
2024-09-27 14:21:45,028 [ERROR] ConditionMgr:805 - Attr not supported : Dmpu
2024-09-27 14:21:45,028 [ERROR] ConditionMgr:805 - Attr not supported : Dmpu
2024-09-27 14:21:45,028 [ERROR] ConditionMgr:805 - Attr not supported : Dmpu
2024-09-27 14:21:45,028 [ERROR] ConditionMgr:805 - Attr not supported : Dmpu
2024-09-27 14:21:45,028 [ERROR] ConditionMgr:805 - Attr not supported : Dmpu
2024-09-27 14:21:45,028 [ERROR] ConditionMgr:805 - Attr not supported : Dmpu
2024-09-27 14:21:45,028 [ERROR] ConditionMgr:805 - Attr not supported : Dmpu
2024-09-27 14:21:45,028 [ERROR] ConditionMgr:805 - Attr not supported : Dmpu
2024-09-27 14:21:45,029 [ERROR] ConditionMgr:805 - Attr not supported : Dmpu
2024-09-27 14:21:45,029 [ERROR] ConditionMgr:805 - Attr not supported : Dmpu
2024-09-27 14:21:45,029 [ERROR] ConditionMgr:805 - Attr not supported : Dmpu
2024-09-27 14:21:45,029 [ERROR] ConditionMgr:805 - Attr not supported : Dmpu
2024-09-27 14:21:45,029 [ERROR] ConditionMgr:805 - Attr not supported : Dmpu
2024-09-27 14:21:45,029 [ERROR] ConditionMgr:805 - Attr not supported : Dmpu
2024-09-27 14:21:45,033 [WARN] PackLoader:240 - Cannot read IP mode file for RealThread.X-CUBE-RT-Thread_Nano.4.1.1
2024-09-27 14:21:45,038 [WARN] PackLoader:240 - Cannot read IP mode file for wolfSSL.I-CUBE-wolfSSL.5.7.0
2024-09-27 14:21:45,041 [WARN] PackLoader:240 - Cannot read IP mode file for STMicroelectronics.FP-ATR-SIGFOX1.3.2.0
2024-09-27 14:21:45,044 [WARN] PackLoader:240 - Cannot read IP mode file for wolfSSL.I-CUBE-wolfSSL.5.7.2
2024-09-27 14:21:45,051 [WARN] PackLoader:240 - Cannot read IP mode file for STMicroelectronics.X-CUBE-EEPRMA1.5.1.0
2024-09-27 14:21:45,058 [WARN] PackLoader:240 - Cannot read IP mode file for ITTIA_DB.I-CUBE-ITTIADB.8.9.0
2024-09-27 14:21:45,081 [WARN] PackLoader:240 - Cannot read IP mode file for SEGGER.I-CUBE-embOS.1.3.1
2024-09-27 14:21:45,119 [WARN] PackLoader:240 - Cannot read IP mode file for STMicroelectronics.X-CUBE-ALGOBUILD.1.4.0
2024-09-27 14:21:45,222 [WARN] PackLoader:240 - Cannot read IP mode file for STMicroelectronics.X-CUBE-GNSS1.6.0.0
2024-09-27 14:21:45,242 [WARN] PackLoader:240 - Cannot read IP mode file for STMicroelectronics.X-CUBE-AZRTOS-F4.1.1.0
2024-09-27 14:21:45,247 [WARN] PackLoader:240 - Cannot read IP mode file for STMicroelectronics.X-CUBE-ISPU.2.1.0
2024-09-27 14:21:45,252 [WARN] PackLoader:240 - Cannot read IP mode file for STMicroelectronics.X-CUBE-FREERTOS.1.2.0
2024-09-27 14:21:45,261 [WARN] PackLoader:240 - Cannot read IP mode file for STMicroelectronics.X-CUBE-AZRTOS-L5.2.0.0
2024-09-27 14:21:45,268 [WARN] PackLoader:240 - Cannot read IP mode file for STMicroelectronics.X-CUBE-NFC6.3.1.0
2024-09-27 14:21:45,274 [WARN] PackLoader:240 - Cannot read IP mode file for STMicroelectronics.X-CUBE-DPower.1.2.0
2024-09-27 14:21:45,280 [WARN] PackLoader:240 - Cannot read IP mode file for STMicroelectronics.X-CUBE-AI.9.0.0
2024-09-27 14:21:45,286 [WARN] PackLoader:240 - Cannot read IP mode file for STMicroelectronics.X-CUBE-NFC7.1.0.1
2024-09-27 14:21:45,291 [WARN] PackLoader:240 - Cannot read IP mode file for wolfSSL.I-CUBE-wolfTPM.3.2.0
2024-09-27 14:21:45,302 [WARN] ConditionMgr:438 - getConditionDescription Invalid condition id : LAN8742 Phy interface Condition cause : null
2024-09-27 14:21:45,302 [WARN] PackLoader:240 - Cannot read IP mode file for STMicroelectronics.X-CUBE-AZRTOS-L4.2.0.0
2024-09-27 14:21:45,303 [WARN] ConditionMgr:1039 - genDependencies : Invalid condition id : LAN8742 Phy interface Condition cause : null
2024-09-27 14:21:45,303 [WARN] ConditionMgr:1039 - genDependencies : Invalid condition id : LAN8742 Phy interface Condition cause : null
2024-09-27 14:21:45,303 [WARN] ConditionMgr:1039 - genDependencies : Invalid condition id : LAN8742 Phy interface Condition cause : null
2024-09-27 14:21:45,309 [WARN] PackLoader:240 - Cannot read IP mode file for STMicroelectronics.X-CUBE-SFXS2LP1.4.0.0
2024-09-27 14:21:45,322 [WARN] PackLoader:240 - Cannot read IP mode file for STMicroelectronics.X-CUBE-AZRTOS-H7.3.3.0
2024-09-27 14:21:45,331 [WARN] ConditionMgr:438 - getConditionDescription Invalid condition id : UX DEVICE CLASS RTOS Condition cause : null
2024-09-27 14:21:45,331 [WARN] ConditionMgr:438 - getConditionDescription Invalid condition id : UX DEVICE CLASS RTOS Condition cause : null
2024-09-27 14:21:45,332 [WARN] PackLoader:240 - Cannot read IP mode file for STMicroelectronics.X-CUBE-AZRTOS-WB.2.0.0
2024-09-27 14:21:45,332 [WARN] ConditionMgr:1039 - genDependencies : Invalid condition id : UX DEVICE CLASS RTOS Condition cause : null
2024-09-27 14:21:45,332 [WARN] ConditionMgr:1039 - genDependencies : Invalid condition id : UX DEVICE CLASS RTOS Condition cause : null
2024-09-27 14:21:45,333 [WARN] ConditionMgr:1039 - genDependencies : Invalid condition id : UX DEVICE CLASS RTOS Condition cause : null
2024-09-27 14:21:45,333 [WARN] ConditionMgr:1039 - genDependencies : Invalid condition id : UX DEVICE CLASS RTOS Condition cause : null
2024-09-27 14:21:45,333 [WARN] ConditionMgr:1039 - genDependencies : Invalid condition id : UX DEVICE CLASS RTOS Condition cause : null
2024-09-27 14:21:45,337 [WARN] PackLoader:240 - Cannot read IP mode file for STMicroelectronics.X-CUBE-GNSS1.7.0.0
2024-09-27 14:21:45,342 [WARN] PackLoader:240 - Cannot read IP mode file for STMicroelectronics.FP-SNS-STBOX1.2.0.0
2024-09-27 14:21:45,355 [WARN] PackLoader:240 - Cannot read IP mode file for STMicroelectronics.X-CUBE-SUBG2.5.0.0
2024-09-27 14:21:45,365 [WARN] PackLoader:240 - Cannot read IP mode file for Cesanta.I-CUBE-Mongoose.7.13.0
2024-09-27 14:21:45,391 [WARN] PackLoader:240 - Cannot read IP mode file for STMicroelectronics.X-CUBE-AZRTOS-G4.2.0.0
2024-09-27 14:21:45,398 [WARN] PackLoader:240 - Cannot read IP mode file for STMicroelectronics.X-CUBE-ISPU.2.0.0
2024-09-27 14:21:45,405 [WARN] PackLoader:240 - Cannot read IP mode file for STMicroelectronics.X-CUBE-ALS.1.0.2
2024-09-27 14:21:45,445 [WARN] PackLoader:240 - Cannot read IP mode file for STMicroelectronics.X-CUBE-MEMS1.10.0.0
2024-09-27 14:21:45,524 [WARN] PackLoader:240 - Cannot read IP mode file for STMicroelectronics.X-CUBE-FREERTOS.1.1.0
2024-09-27 14:21:45,526 [WARN] PackLoader:240 - Cannot read IP mode file for STMicroelectronics.X-CUBE-TOUCHGFX.4.24.0
2024-09-27 14:21:45,529 [WARN] PackLoader:240 - Cannot read IP mode file for STMicroelectronics.X-CUBE-TOUCHGFX.4.24.1
2024-09-27 14:21:45,533 [WARN] PackLoader:240 - Cannot read IP mode file for wolfSSL.I-CUBE-wolfTPM.3.4.0
2024-09-27 14:21:45,537 [WARN] PackLoader:240 - Cannot read IP mode file for portGmbH.I-Cube-SoM-uGOAL.1.1.0
2024-09-27 14:21:45,540 [WARN] PackLoader:240 - Cannot read IP mode file for STMicroelectronics.X-CUBE-ALS.1.0.1
2024-09-27 14:21:45,551 [WARN] PackLoader:240 - Cannot read IP mode file for STMicroelectronics.X-CUBE-AZRTOS-H7RS.1.0.0
2024-09-27 14:21:45,556 [WARN] PackLoader:240 - Cannot read IP mode file for STMicroelectronics.FP-ATR-ASTRA1.2.0.0
2024-09-27 14:21:45,562 [WARN] PackLoader:240 - Cannot read IP mode file for STMicroelectronics.X-CUBE-TOF1.3.4.2
2024-09-27 14:21:45,586 [WARN] PackLoader:240 - Cannot read IP mode file for Infineon.AIROC-Wi-Fi-Bluetooth-STM32.1.6.1
2024-09-27 14:21:45,594 [WARN] PackLoader:240 - Cannot read IP mode file for STMicroelectronics.X-CUBE-TOF1.3.4.1
2024-09-27 14:21:45,627 [WARN] PackLoader:240 - Cannot read IP mode file for STMicroelectronics.X-CUBE-AZRTOS-H7.3.2.0
2024-09-27 14:21:45,645 [WARN] PackLoader:240 - Cannot read IP mode file for Infineon.AIROC-Wi-Fi-Bluetooth-STM32.1.6.0
2024-09-27 14:21:45,654 [WARN] PackLoader:240 - Cannot read IP mode file for wolfSSL.I-CUBE-wolfSSH.1.4.17
2024-09-27 14:21:45,655 [INFO] ThirdParty:978 - Integrity check success = true
2024-09-27 14:21:45,655 [INFO] IntegrityCheckThread:100 - exiting critical section [integrity check]
2024-09-27 14:21:45,655 [INFO] ThirdParty:873 - entering critical section [close project]
2024-09-27 14:21:45,655 [INFO] IntegrityCheckThread:103 - End integrity checks thread
2024-09-27 14:21:45,658 [INFO] ThirdParty:883 - exiting critical section [close project]
2024-09-27 14:21:45,663 [INFO] PinOutPanel:1561 - setPackage(No Configuration,No Configuration)
2024-09-27 14:21:45,671 [INFO] UtilMem:75 - Begin LoadConfig() Used Memory: 154409672 Bytes (325058560)
2024-09-27 14:21:45,679 [INFO] MicroXplorer:468 - Change Database Path : 
2024-09-27 14:21:45,679 [INFO] MicroXplorer:498 - Change Database Version : DB.6.0.110
2024-09-27 14:21:45,680 [INFO] OpenFileManager:312 - Change cursor
2024-09-27 14:21:45,738 [INFO] ThirdPartyDownloadManager:103 - Found SW packSTMicroelectronics.X-CUBE-ALGOBUILD.1.4.0up-to-date on disk
2024-09-27 14:21:45,772 [INFO] Mcu:2021 - Initializing MCU STM32F303R(D-E)Tx STM32F303RETx STM32F303RET6
2024-09-27 14:21:48,640 [INFO] Context:663 - Trying to add GPIOservice into a context  which must be forbidden
2024-09-27 14:21:49,547 [INFO] ApiDbMcu:508 - Load IP Config File for STMicroelectronics.X-CUBE-ALGOBUILD.1.4.0
2024-09-27 14:21:50,029 [INFO] RtosManager:555 - Registered RTOS mode: class=CMSIS, group=RTOS, mode=CMSIS_V1, owner=FREERTOS
2024-09-27 14:21:50,030 [INFO] RtosManager:555 - Registered RTOS mode: class=CMSIS, group=RTOS2, mode=CMSIS_V2, owner=FREERTOS
2024-09-27 14:21:50,030 [INFO] RtosManager:555 - Registered RTOS mode: class=RTOS, group=Core, mode=CMSIS_V1, owner=FREERTOS
2024-09-27 14:21:50,030 [INFO] RtosManager:555 - Registered RTOS mode: class=RTOS, group=Core, mode=CMSIS_V2, owner=FREERTOS
2024-09-27 14:21:50,031 [WARN] ModelIntegratedComponent:184 - Missing modes for component STMicroelectronics:FreeRTOS:0.0.1:STMicroelectronics:RTOS:FreeRTOS:Core:::10.2.0:
2024-09-27 14:21:50,047 [WARN] ModelIntegratedComponent:63 - No mode defined for component null
2024-09-27 14:21:50,047 [WARN] ModelIntegratedComponent:63 - No mode defined for component null
2024-09-27 14:21:50,048 [WARN] ModelIntegratedComponent:63 - No mode defined for component null
2024-09-27 14:21:50,048 [WARN] ModelIntegratedComponent:63 - No mode defined for component null
2024-09-27 14:21:50,048 [WARN] ModelIntegratedComponent:63 - No mode defined for component null
2024-09-27 14:21:50,048 [WARN] ModelIntegratedComponent:63 - No mode defined for component null
2024-09-27 14:21:50,048 [WARN] ModelIntegratedComponent:63 - No mode defined for component null
2024-09-27 14:21:50,048 [WARN] ModelIntegratedComponent:63 - No mode defined for component null
2024-09-27 14:21:50,048 [WARN] ModelIntegratedComponent:63 - No mode defined for component null
2024-09-27 14:21:50,048 [WARN] ModelIntegratedComponent:63 - No mode defined for component null
2024-09-27 14:21:50,048 [WARN] ModelIntegratedComponent:63 - No mode defined for component null
2024-09-27 14:21:50,049 [WARN] ModelIntegratedComponent:63 - No mode defined for component null
2024-09-27 14:21:50,049 [WARN] ModelIntegratedComponent:63 - No mode defined for component null
2024-09-27 14:21:50,049 [WARN] ModelIntegratedComponent:63 - No mode defined for component null
2024-09-27 14:21:50,049 [WARN] ModelIntegratedComponent:63 - No mode defined for component null
2024-09-27 14:21:50,049 [WARN] ModelIntegratedComponent:63 - No mode defined for component null
2024-09-27 14:21:50,049 [WARN] ModelIntegratedComponent:63 - No mode defined for component null
2024-09-27 14:21:50,049 [WARN] ModelIntegratedComponent:63 - No mode defined for component null
2024-09-27 14:21:50,049 [WARN] ModelIntegratedComponent:63 - No mode defined for component null
2024-09-27 14:21:50,049 [WARN] ModelIntegratedComponent:63 - No mode defined for component null
2024-09-27 14:21:50,049 [WARN] ModelIntegratedComponent:63 - No mode defined for component null
2024-09-27 14:21:50,049 [WARN] ModelIntegratedComponent:63 - No mode defined for component null
2024-09-27 14:21:50,049 [WARN] ModelIntegratedComponent:63 - No mode defined for component null
2024-09-27 14:21:50,049 [WARN] ModelIntegratedComponent:63 - No mode defined for component null
2024-09-27 14:21:50,050 [WARN] ModelIntegratedComponent:63 - No mode defined for component null
2024-09-27 14:21:50,050 [WARN] ModelIntegratedComponent:63 - No mode defined for component null
2024-09-27 14:21:50,050 [WARN] ModelIntegratedComponent:63 - No mode defined for component null
2024-09-27 14:21:50,050 [WARN] ModelIntegratedComponent:63 - No mode defined for component null
2024-09-27 14:21:50,050 [WARN] ModelIntegratedComponent:63 - No mode defined for component null
2024-09-27 14:21:50,050 [WARN] ModelIntegratedComponent:63 - No mode defined for component null
2024-09-27 14:21:50,050 [WARN] ModelIntegratedComponent:63 - No mode defined for component null
2024-09-27 14:21:50,050 [WARN] ModelIntegratedComponent:63 - No mode defined for component null
2024-09-27 14:21:50,050 [WARN] ModelIntegratedComponent:63 - No mode defined for component null
2024-09-27 14:21:50,050 [WARN] ModelIntegratedComponent:63 - No mode defined for component null
2024-09-27 14:21:50,789 [INFO] ApiDbMcu:508 - Load IP Config File for FREERTOS
2024-09-27 14:21:50,857 [INFO] ThirdPartyModel:298 - Start build external matchings
2024-09-27 14:21:51,360 [INFO] ThirdPartyModel:316 - End build external matchings
2024-09-27 14:21:51,387 [INFO] RtosManager:919 - Current active RTOS is FREERTOS [Cortex-M4NS]
2024-09-27 14:21:51,409 [INFO] ImportTextPane:194 - (OptionalMessage_ERROR) IP (DMA) : Parameter (Instance) has Id (ADC1) currently not set
2024-09-27 14:21:51,410 [INFO] ImportTextPane:194 - (OptionalMessage_ERROR) IP (DMA) : Parameter (Direction) has Id (ADC1) currently not set
2024-09-27 14:21:51,410 [INFO] ImportTextPane:194 - (OptionalMessage_ERROR) IP (DMA) : Parameter (PeriphInc) has Id (ADC1) currently not set
2024-09-27 14:21:51,410 [INFO] ImportTextPane:194 - (OptionalMessage_ERROR) IP (DMA) : Parameter (MemInc) has Id (ADC1) currently not set
2024-09-27 14:21:51,412 [INFO] ImportTextPane:194 - (OptionalMessage_ERROR) IP (DMA) : Parameter (PeriphDataAlignment) has Id (ADC1) currently not set
2024-09-27 14:21:51,412 [INFO] ImportTextPane:194 - (OptionalMessage_ERROR) IP (DMA) : Parameter (MemDataAlignment) has Id (ADC1) currently not set
2024-09-27 14:21:51,413 [INFO] ImportTextPane:194 - (OptionalMessage_ERROR) IP (DMA) : Parameter (Mode) has Id (ADC1) currently not set
2024-09-27 14:21:51,413 [INFO] ImportTextPane:194 - (OptionalMessage_ERROR) IP (DMA) : Parameter (Priority) has Id (ADC1) currently not set
2024-09-27 14:21:51,429 [INFO] ImportTextPane:194 - (OptionalMessage_ERROR) IP (RCC) : Invalid parameter (FamilyName)
2024-09-27 14:21:51,433 [INFO] ImportTextPane:194 - (OptionalMessage_ERROR) IP (RCC) : Invalid parameter (PLLM)
2024-09-27 14:21:51,433 [INFO] ImportTextPane:194 - (OptionalMessage_ERROR) IP (RCC) : Invalid parameter (PLLN)
2024-09-27 14:21:51,434 [INFO] ImportTextPane:194 - (OptionalMessage_ERROR) IP (RCC) : Invalid parameter (PLLP)
2024-09-27 14:21:51,434 [INFO] ImportTextPane:194 - (OptionalMessage_ERROR) IP (RCC) : Invalid parameter (PLLQ)
2024-09-27 14:21:51,434 [INFO] ImportTextPane:194 - (OptionalMessage_ERROR) IP (RCC) : Invalid parameter (RCC_PLLsource_Clock_Source_FROM_HSE)
2024-09-27 14:21:51,435 [INFO] ImportTextPane:194 - (OptionalMessage_ERROR) IP (RCC) : Parameter (USBFreq_Value) has invalid value (72000000)
2024-09-27 14:21:52,087 [INFO] ApiDb:581 - Connected to CubeFinder SQLite database (C:\Users\frmen\.stmcufinder\plugins\mcufinder\mcu\cube-finder-db.db)
2024-09-27 14:21:52,182 [INFO] ApiDb:668 - CubeFinder database Data Model version=2.1
2024-09-27 14:21:52,182 [INFO] ApiDb:669 - CubeFinder database Configuration version=3.0.39
2024-09-27 14:21:52,183 [INFO] ApiDb:670 - CubeFinder database generation date=2024-06-20 (1718880634)
2024-09-27 14:21:52,183 [INFO] ApiDb:671 - CubeFinder database FW Pack versions=[FP-ATR-ASTRA1_V2.0.0, FP-SNS-FLIGHT1_V5.0.2, FP-SNS-MOTENV1_V5.0.0, FP-SNS-MOTENVWB1_V1.4.0, FP-SNS-SMARTAG2_V1.2.0, STM32Cube_FW_C0_V1.2.0, STM32Cube_FW_F4_V1.28.0, STM32Cube_FW_F7_V1.17.2, STM32Cube_FW_G0_V1.6.2, STM32Cube_FW_G4_V1.6.0, STM32Cube_FW_H5_V1.3.0, STM32Cube_FW_H7RS_V1.1.0, STM32Cube_FW_H7_V1.11.2, STM32Cube_FW_L0_V1.12.2, STM32Cube_FW_L5_V1.5.1, STM32Cube_FW_U0_V1.1.0, STM32Cube_FW_U5_V1.6.0, STM32Cube_FW_WB0_V1.0.0, STM32Cube_FW_WBA_V1.4.0, STM32Cube_FW_WB_V1.20.0, STM32Cube_FW_WL_V1.3.0, X-CUBE-ALGOBUILD_V1.4.0, X-CUBE-ALS_V1.0.2, X-CUBE-AZRTOS-F4_V1.1.0, X-CUBE-AZRTOS-F7_V1.1.0, X-CUBE-AZRTOS-G0_V1.1.0, X-CUBE-AZRTOS-G4_V2.0.0, X-CUBE-AZRTOS-H7RS_V1.0.0, X-CUBE-AZRTOS-H7_V3.2.0, X-CUBE-AZRTOS-L4_V2.0.0, X-CUBE-AZRTOS-L5_V1.1.0, X-CUBE-AZRTOS-WB_V2.0.0, X-CUBE-AZRTOS-WL_V2.0.0, X-CUBE-BLE1_V7.0.0, X-CUBE-BLE2_V3.3.0, X-CUBE-BLEMGR_V3.1.0, X-CUBE-EEPRMA1_V5.1.0, X-CUBE-FREERTOS_V1.2.0, X-CUBE-GNSS1_V6.0.0, X-CUBE-MEMS1_V10.0.0, X-CUBE-NFC4_V3.0.0, X-CUBE-NFC7_V1.0.1, X-CUBE-SFXS2LP1_V4.0.0, X-CUBE-SUBG2_V5.0.0, X-CUBE-TOF1_V3.4.1]
2024-09-27 14:21:52,399 [INFO] DbBoardsSqlite:226 - include board P-NUCLEO-WB55-NUCLEO as a kit item of type 'Nucleo-64'
2024-09-27 14:21:52,399 [INFO] DbBoardsSqlite:226 - include board P-NUCLEO-WB55-USBDONGLE as a kit item of type 'Nucleo USB Dongle'
2024-09-27 14:21:52,402 [INFO] DbBoardsSqlite:226 - include board STEVAL-IDP005V1 as a kit item of type 'Evaluation Board'
2024-09-27 14:21:52,402 [INFO] DbBoardsSqlite:226 - include board STEVAL-IDP005V2 as a kit item of type 'Evaluation Board'
2024-09-27 14:21:53,577 [INFO] ApiDb:240 - Found 483 in-development CPN: [B-G473E-ZEST1S, B-WB1M-WPAN1, B-WL5M-SUBG1, NUCLEO-C031C6, NUCLEO-H503RB, NUCLEO-H533RE, NUCLEO-H563ZI, NUCLEO-H7S3L8, NUCLEO-U031R8, NUCLEO-U083RC, NUCLEO-U545RE-Q, NUCLEO-U5A5ZJ-Q, NUCLEO-WBA52CG, NUCLEO-WBA55CG, STEVAL-PROTEUS1, STEVAL-SMARTAG2, STEVAL-STWINBX1, STM320518-EVAL, STM32C0116-DK, STM32C011D6Y3TR, STM32C011D6Y6TR, STM32C011F4P3, STM32C011F4P6, STM32C011F4U3, STM32C011F4U6TR, STM32C011F6P3, STM32C011F6P6, STM32C011F6U3, STM32C011F6U6TR, STM32C011J4M3, STM32C011J4M6, STM32C011J6M3, STM32C011J6M6, STM32C0316-DK, STM32C031C4T3, STM32C031C4T6, STM32C031C4U3, STM32C031C4U6, STM32C031C6T3, STM32C031C6T6, STM32C031C6U3, STM32C031C6U6, STM32C031F4P3, STM32C031F4P6, STM32C031F6P3, STM32C031F6P6, STM32C031G4U3, STM32C031G4U6, STM32C031G6U3, STM32C031G6U6, STM32C031K4T3, STM32C031K4T6, STM32C031K4U3, STM32C031K4U6, STM32C031K6T3, STM32C031K6T6, STM32C031K6U3, STM32C031K6U6, STM32G071K8TXN, STM32G071K8UXN, STM32G081GBU6N, STM32G081KBT6N, STM32G081KBUXN, STM32G0B1CCT6N, STM32G0B1KCT6, STM32G0B1NEY6TR, STM32G0B1RCT6N, STM32G0C1CCT6, STM32G0C1CCT6N, STM32G0C1CCU6N, STM32G0C1CET6N, STM32G0C1CEU6N, STM32G0C1KCT6, STM32G0C1NEY6TR, STM32G0C1RCI6N, STM32G0C1RCT6N, STM32G0C1REI6N, STM32G0C1RET6N, STM32G0C1VCI6, STM32G0C1VEI6, STM32G471CCT6, STM32G471CCU6, STM32G471CET3, STM32G471CET6, STM32G471CEU3, STM32G471CEU6, STM32G471MCT6, STM32G471MET3, STM32G471MET6, STM32G471MEY6TR, STM32G471QCT6, STM32G471QET3, STM32G471RCT6, STM32G471RET3, STM32G471RET6, STM32G471VCH6, STM32G471VCI6, STM32G471VCT6, STM32G471VEH3, STM32G471VEH6, STM32G471VEI3, STM32G471VEI6, STM32G471VET3, STM32G471VET6, STM32G474CCT6, STM32H503CBT6, STM32H503CBU6, STM32H503EBY6TR, STM32H503KBU6, STM32H503RBT6, STM32H523CCT6, STM32H523CCU6, STM32H523CET6, STM32H523CEU6, STM32H523HEY6TR, STM32H523RCT6, STM32H523RET6, STM32H523VCI6, STM32H523VCT6, STM32H523VEI6, STM32H523VET6, STM32H523ZCJ6, STM32H523ZCT6, STM32H523ZEJ6, STM32H523ZET6, STM32H533CET6, STM32H533CEU6, STM32H533HEY6TR, STM32H533RET6, STM32H533VEI6, STM32H533VET6, STM32H533ZEJ6, STM32H533ZET6, STM32H562AGI6, STM32H562AII6, STM32H562IGK6, STM32H562IGT6, STM32H562IIK6, STM32H562IIT6, STM32H562RGT6, STM32H562RGV6, STM32H562RIT6, STM32H562RIV6, STM32H562VGT6, STM32H562VIT6, STM32H562ZGT6, STM32H562ZIT6, STM32H563AGI6, STM32H563AII3Q, STM32H563AII6, STM32H563IGK6, STM32H563IGT6, STM32H563IIK3Q, STM32H563IIK6, STM32H563IIT3Q, STM32H563IIT6, STM32H563MIY3QTR, STM32H563RGT6, STM32H563RGV6, STM32H563RIT6, STM32H563RIV6, STM32H563VGT6, STM32H563VIT3Q, STM32H563VIT6, STM32H563ZGT6, STM32H563ZIT3Q, STM32H563ZIT6, STM32H573AII3Q, STM32H573AII6, STM32H573I-DK, STM32H573IIK3Q, STM32H573IIK6, STM32H573IIT3Q, STM32H573IIT6, STM32H573MIY3QTR, STM32H573RIT6, STM32H573RIV6, STM32H573VIT3Q, STM32H573VIT6, STM32H573ZIT3Q, STM32H573ZIT6, STM32H7R3A8I6, STM32H7R3I8K6, STM32H7R3I8T6, STM32H7R3L8H6, STM32H7R3L8H6H, STM32H7R3R8V6, STM32H7R3V8H6, STM32H7R3V8T6, STM32H7R3V8Y6, STM32H7R3Z8J6, STM32H7R3Z8T6, STM32H7R7A8I6, STM32H7R7I8K6, STM32H7R7I8T6, STM32H7R7L8H6, STM32H7R7L8H6H, STM32H7R7Z8J6, STM32H7S3A8I6, STM32H7S3I8K6, STM32H7S3I8T6, STM32H7S3L8H6, STM32H7S3L8H6H, STM32H7S3R8V6, STM32H7S3V8H6, STM32H7S3V8T6, STM32H7S3V8Y6, STM32H7S3Z8J6, STM32H7S3Z8T6, STM32H7S78-DK, STM32H7S7A8I6, STM32H7S7I8K6, STM32H7S7I8T6, STM32H7S7L8H6, STM32H7S7L8H6H, STM32H7S7Z8J6, STM32L4R5QGI6STR, STM32MP131AAE3, STM32MP131AAF3, STM32MP131AAG3, STM32MP131CAE3, STM32MP131CAF3, STM32MP131CAG3, STM32MP131DAE7, STM32MP131DAF7, STM32MP131DAG7, STM32MP131FAE7, STM32MP131FAF7, STM32MP131FAG7, STM32MP133AAE3, STM32MP133AAF3, STM32MP133AAG3, STM32MP133CAE3, STM32MP133CAF3, STM32MP133CAG3, STM32MP133DAE7, STM32MP133DAF7, STM32MP133DAG7, STM32MP133FAE7, STM32MP133FAF7, STM32MP133FAG7, STM32MP135AAE3, STM32MP135AAF3, STM32MP135AAG3, STM32MP135CAE3, STM32MP135CAF3, STM32MP135CAG3, STM32MP135DAE7, STM32MP135DAF7, STM32MP135DAG7, STM32MP135F-DK, STM32MP135FAE7, STM32MP135FAF7, STM32MP135FAF7T, STM32MP135FAF7U, STM32MP135FAG7, STM32U031C6T6, STM32U031C6U6, STM32U031C8T6, STM32U031C8U6, STM32U031F4P6, STM32U031F6P6, STM32U031F8P6, STM32U031G6Y6TR, STM32U031G8Y6TR, STM32U031K4U6, STM32U031K6U6, STM32U031K8U6, STM32U031R6I6, STM32U031R6T6, STM32U031R8I6, STM32U031R8T6, STM32U073C8T6, STM32U073C8U6, STM32U073CBT6, STM32U073CBU6, STM32U073CCT6, STM32U073CCU6, STM32U073H8Y6TR, STM32U073HBY6TR, STM32U073HCY6TR, STM32U073K8U6, STM32U073KBU6, STM32U073KCU6, STM32U073M8I6, STM32U073M8T6, STM32U073MBI6, STM32U073MBT6, STM32U073MCI6, STM32U073MCT6, STM32U073R8I6, STM32U073R8T6, STM32U073RBI6, STM32U073RBT6, STM32U073RCI6, STM32U073RCT6, STM32U083C-DK, STM32U083CCT6, STM32U083CCU6, STM32U083HCY6TR, STM32U083KCU6, STM32U083MCI6, STM32U083MCT6, STM32U083RCI6, STM32U083RCT6, STM32U535CBT6, STM32U535CBT6Q, STM32U535CBU6, STM32U535CBU6Q, STM32U535CCT6, STM32U535CCT6Q, STM32U535CCU6, STM32U535CCU6Q, STM32U535CET6, STM32U535CET6Q, STM32U535CEU6, STM32U535CEU6Q, STM32U535JEY6QTR, STM32U535NCY6QTR, STM32U535NEY6QTR, STM32U535RBI6, STM32U535RBI6Q, STM32U535RBT6, STM32U535RBT6Q, STM32U535RCI6, STM32U535RCI6Q, STM32U535RCT6, STM32U535RCT6Q, STM32U535REI6, STM32U535REI6Q, STM32U535RET6, STM32U535RET6Q, STM32U535VCI6, STM32U535VCI6Q, STM32U535VCT6, STM32U535VCT6Q, STM32U535VEI6, STM32U535VEI6Q, STM32U535VET6, STM32U535VET6Q, STM32U545CET6, STM32U545CET6Q, STM32U545CEU6, STM32U545CEU6Q, STM32U545JEY6QTR, STM32U545NEY6QTR, STM32U545REI6, STM32U545REI6Q, STM32U545RET6, STM32U545RET6Q, STM32U545VEI6, STM32U545VEI6Q, STM32U545VET6, STM32U545VET6Q, STM32U595AIH6, STM32U595AIH6Q, STM32U595AJH6, STM32U595AJH6Q, STM32U595QII6, STM32U595QII6Q, STM32U595QJI6, STM32U595QJI6Q, STM32U595RIT6, STM32U595RIT6Q, STM32U595RJT6, STM32U595RJT6Q, STM32U595VIT6, STM32U595VIT6Q, STM32U595VJT6, STM32U595VJT6Q, STM32U595ZIT6, STM32U595ZIT6Q, STM32U595ZIY6QTR, STM32U595ZJT6, STM32U595ZJT6Q, STM32U595ZJY6QTR, STM32U599BJY6QTR, STM32U599NIH6Q, STM32U599NJH6Q, STM32U599VIT6Q, STM32U599VJT6, STM32U599VJT6Q, STM32U599ZIT6Q, STM32U599ZIY6QTR, STM32U599ZJT6Q, STM32U599ZJY6QTR, STM32U5A5AJH6, STM32U5A5AJH6Q, STM32U5A5QII3Q , STM32U5A5QJI6, STM32U5A5QJI6Q, STM32U5A5RJT6, STM32U5A5RJT6Q, STM32U5A5VJT6, STM32U5A5VJT6Q, STM32U5A5ZJT6, STM32U5A5ZJT6Q, STM32U5A5ZJY6QTR, STM32U5A9BJY6QTR, STM32U5A9J-DK, STM32U5A9NJH6Q, STM32U5A9VJT6Q, STM32U5A9ZJT6Q, STM32U5A9ZJY6QTR, STM32U5F7VIT6, STM32U5F7VIT6Q, STM32U5F7VJT6, STM32U5F7VJT6Q, STM32U5F9BJY6QTR, STM32U5F9NJH6Q, STM32U5F9VIT6Q, STM32U5F9VJT6Q, STM32U5F9ZIJ6QTR, STM32U5F9ZIT6Q, STM32U5F9ZJJ6QTR, STM32U5F9ZJT6Q, STM32U5G7VJT6, STM32U5G7VJT6Q, STM32U5G9BJY6QTR, STM32U5G9J-DK1, STM32U5G9J-DK2, STM32U5G9NJH6Q, STM32U5G9VJT6Q, STM32U5G9ZJJ6QTR, STM32U5G9ZJT6Q, STM32WB1MMCH6, STM32WBA50KEU6, STM32WBA50KEU6TR, STM32WBA50KGU6, STM32WBA50KGU6TR, STM32WBA52CEU6, STM32WBA52CEU6TR, STM32WBA52CEU7, STM32WBA52CEU7TR, STM32WBA52CGU6, STM32WBA52CGU6TR, STM32WBA52CGU6U, STM32WBA52CGU7, STM32WBA52CGU7TR, STM32WBA52KEU6, STM32WBA52KEU6TR, STM32WBA52KGU6, STM32WBA52KGU6TR, STM32WBA54CEU6, STM32WBA54CEU6TR, STM32WBA54CEU7, STM32WBA54CEU7TR, STM32WBA54CGU6, STM32WBA54CGU6TR, STM32WBA54CGU7, STM32WBA54CGU7TR, STM32WBA54KEU6, STM32WBA54KEU6TR, STM32WBA54KEU7, STM32WBA54KEU7TR, STM32WBA54KGU6, STM32WBA54KGU6TR, STM32WBA54KGU7, STM32WBA54KGU7TR, STM32WBA55CEU6, STM32WBA55CEU6TR, STM32WBA55CEU7, STM32WBA55CEU7TR, STM32WBA55CGU6, STM32WBA55CGU6TR, STM32WBA55CGU6U, STM32WBA55CGU7, STM32WBA55CGU7TR, STM32WBA55G-DK1, STM32WBA55HEF6, STM32WBA55HEF7, STM32WBA55HGF6, STM32WBA55HGF7, STM32WBA55UEI6, STM32WBA55UEI6TR, STM32WBA55UEI7, STM32WBA55UEI7TR, STM32WBA55UGI6, STM32WBA55UGI6TR, STM32WBA55UGI7, STM32WBA55UGI7TR, STM32WL5MOCH6, STM32WL5MOCH6TR]
2024-09-27 14:21:53,582 [INFO] ApiDb:668 - CubeFinder database Data Model version=2.1
2024-09-27 14:21:53,582 [INFO] ApiDb:669 - CubeFinder database Configuration version=3.0.39
2024-09-27 14:21:53,582 [INFO] ApiDb:670 - CubeFinder database generation date=2024-06-20 (1718880634)
2024-09-27 14:21:53,582 [INFO] ApiDb:671 - CubeFinder database FW Pack versions=[FP-ATR-ASTRA1_V2.0.0, FP-SNS-FLIGHT1_V5.0.2, FP-SNS-MOTENV1_V5.0.0, FP-SNS-MOTENVWB1_V1.4.0, FP-SNS-SMARTAG2_V1.2.0, STM32Cube_FW_C0_V1.2.0, STM32Cube_FW_F4_V1.28.0, STM32Cube_FW_F7_V1.17.2, STM32Cube_FW_G0_V1.6.2, STM32Cube_FW_G4_V1.6.0, STM32Cube_FW_H5_V1.3.0, STM32Cube_FW_H7RS_V1.1.0, STM32Cube_FW_H7_V1.11.2, STM32Cube_FW_L0_V1.12.2, STM32Cube_FW_L5_V1.5.1, STM32Cube_FW_U0_V1.1.0, STM32Cube_FW_U5_V1.6.0, STM32Cube_FW_WB0_V1.0.0, STM32Cube_FW_WBA_V1.4.0, STM32Cube_FW_WB_V1.20.0, STM32Cube_FW_WL_V1.3.0, X-CUBE-ALGOBUILD_V1.4.0, X-CUBE-ALS_V1.0.2, X-CUBE-AZRTOS-F4_V1.1.0, X-CUBE-AZRTOS-F7_V1.1.0, X-CUBE-AZRTOS-G0_V1.1.0, X-CUBE-AZRTOS-G4_V2.0.0, X-CUBE-AZRTOS-H7RS_V1.0.0, X-CUBE-AZRTOS-H7_V3.2.0, X-CUBE-AZRTOS-L4_V2.0.0, X-CUBE-AZRTOS-L5_V1.1.0, X-CUBE-AZRTOS-WB_V2.0.0, X-CUBE-AZRTOS-WL_V2.0.0, X-CUBE-BLE1_V7.0.0, X-CUBE-BLE2_V3.3.0, X-CUBE-BLEMGR_V3.1.0, X-CUBE-EEPRMA1_V5.1.0, X-CUBE-FREERTOS_V1.2.0, X-CUBE-GNSS1_V6.0.0, X-CUBE-MEMS1_V10.0.0, X-CUBE-NFC4_V3.0.0, X-CUBE-NFC7_V1.0.1, X-CUBE-SFXS2LP1_V4.0.0, X-CUBE-SUBG2_V5.0.0, X-CUBE-TOF1_V3.4.1]
2024-09-27 14:21:55,426 [INFO] ApiDb:240 - Found 483 in-development CPN: [B-G473E-ZEST1S, B-WB1M-WPAN1, B-WL5M-SUBG1, NUCLEO-C031C6, NUCLEO-H503RB, NUCLEO-H533RE, NUCLEO-H563ZI, NUCLEO-H7S3L8, NUCLEO-U031R8, NUCLEO-U083RC, NUCLEO-U545RE-Q, NUCLEO-U5A5ZJ-Q, NUCLEO-WBA52CG, NUCLEO-WBA55CG, STEVAL-PROTEUS1, STEVAL-SMARTAG2, STEVAL-STWINBX1, STM320518-EVAL, STM32C0116-DK, STM32C011D6Y3TR, STM32C011D6Y6TR, STM32C011F4P3, STM32C011F4P6, STM32C011F4U3, STM32C011F4U6TR, STM32C011F6P3, STM32C011F6P6, STM32C011F6U3, STM32C011F6U6TR, STM32C011J4M3, STM32C011J4M6, STM32C011J6M3, STM32C011J6M6, STM32C0316-DK, STM32C031C4T3, STM32C031C4T6, STM32C031C4U3, STM32C031C4U6, STM32C031C6T3, STM32C031C6T6, STM32C031C6U3, STM32C031C6U6, STM32C031F4P3, STM32C031F4P6, STM32C031F6P3, STM32C031F6P6, STM32C031G4U3, STM32C031G4U6, STM32C031G6U3, STM32C031G6U6, STM32C031K4T3, STM32C031K4T6, STM32C031K4U3, STM32C031K4U6, STM32C031K6T3, STM32C031K6T6, STM32C031K6U3, STM32C031K6U6, STM32G071K8TXN, STM32G071K8UXN, STM32G081GBU6N, STM32G081KBT6N, STM32G081KBUXN, STM32G0B1CCT6N, STM32G0B1KCT6, STM32G0B1NEY6TR, STM32G0B1RCT6N, STM32G0C1CCT6, STM32G0C1CCT6N, STM32G0C1CCU6N, STM32G0C1CET6N, STM32G0C1CEU6N, STM32G0C1KCT6, STM32G0C1NEY6TR, STM32G0C1RCI6N, STM32G0C1RCT6N, STM32G0C1REI6N, STM32G0C1RET6N, STM32G0C1VCI6, STM32G0C1VEI6, STM32G471CCT6, STM32G471CCU6, STM32G471CET3, STM32G471CET6, STM32G471CEU3, STM32G471CEU6, STM32G471MCT6, STM32G471MET3, STM32G471MET6, STM32G471MEY6TR, STM32G471QCT6, STM32G471QET3, STM32G471RCT6, STM32G471RET3, STM32G471RET6, STM32G471VCH6, STM32G471VCI6, STM32G471VCT6, STM32G471VEH3, STM32G471VEH6, STM32G471VEI3, STM32G471VEI6, STM32G471VET3, STM32G471VET6, STM32G474CCT6, STM32H503CBT6, STM32H503CBU6, STM32H503EBY6TR, STM32H503KBU6, STM32H503RBT6, STM32H523CCT6, STM32H523CCU6, STM32H523CET6, STM32H523CEU6, STM32H523HEY6TR, STM32H523RCT6, STM32H523RET6, STM32H523VCI6, STM32H523VCT6, STM32H523VEI6, STM32H523VET6, STM32H523ZCJ6, STM32H523ZCT6, STM32H523ZEJ6, STM32H523ZET6, STM32H533CET6, STM32H533CEU6, STM32H533HEY6TR, STM32H533RET6, STM32H533VEI6, STM32H533VET6, STM32H533ZEJ6, STM32H533ZET6, STM32H562AGI6, STM32H562AII6, STM32H562IGK6, STM32H562IGT6, STM32H562IIK6, STM32H562IIT6, STM32H562RGT6, STM32H562RGV6, STM32H562RIT6, STM32H562RIV6, STM32H562VGT6, STM32H562VIT6, STM32H562ZGT6, STM32H562ZIT6, STM32H563AGI6, STM32H563AII3Q, STM32H563AII6, STM32H563IGK6, STM32H563IGT6, STM32H563IIK3Q, STM32H563IIK6, STM32H563IIT3Q, STM32H563IIT6, STM32H563MIY3QTR, STM32H563RGT6, STM32H563RGV6, STM32H563RIT6, STM32H563RIV6, STM32H563VGT6, STM32H563VIT3Q, STM32H563VIT6, STM32H563ZGT6, STM32H563ZIT3Q, STM32H563ZIT6, STM32H573AII3Q, STM32H573AII6, STM32H573I-DK, STM32H573IIK3Q, STM32H573IIK6, STM32H573IIT3Q, STM32H573IIT6, STM32H573MIY3QTR, STM32H573RIT6, STM32H573RIV6, STM32H573VIT3Q, STM32H573VIT6, STM32H573ZIT3Q, STM32H573ZIT6, STM32H7R3A8I6, STM32H7R3I8K6, STM32H7R3I8T6, STM32H7R3L8H6, STM32H7R3L8H6H, STM32H7R3R8V6, STM32H7R3V8H6, STM32H7R3V8T6, STM32H7R3V8Y6, STM32H7R3Z8J6, STM32H7R3Z8T6, STM32H7R7A8I6, STM32H7R7I8K6, STM32H7R7I8T6, STM32H7R7L8H6, STM32H7R7L8H6H, STM32H7R7Z8J6, STM32H7S3A8I6, STM32H7S3I8K6, STM32H7S3I8T6, STM32H7S3L8H6, STM32H7S3L8H6H, STM32H7S3R8V6, STM32H7S3V8H6, STM32H7S3V8T6, STM32H7S3V8Y6, STM32H7S3Z8J6, STM32H7S3Z8T6, STM32H7S78-DK, STM32H7S7A8I6, STM32H7S7I8K6, STM32H7S7I8T6, STM32H7S7L8H6, STM32H7S7L8H6H, STM32H7S7Z8J6, STM32L4R5QGI6STR, STM32MP131AAE3, STM32MP131AAF3, STM32MP131AAG3, STM32MP131CAE3, STM32MP131CAF3, STM32MP131CAG3, STM32MP131DAE7, STM32MP131DAF7, STM32MP131DAG7, STM32MP131FAE7, STM32MP131FAF7, STM32MP131FAG7, STM32MP133AAE3, STM32MP133AAF3, STM32MP133AAG3, STM32MP133CAE3, STM32MP133CAF3, STM32MP133CAG3, STM32MP133DAE7, STM32MP133DAF7, STM32MP133DAG7, STM32MP133FAE7, STM32MP133FAF7, STM32MP133FAG7, STM32MP135AAE3, STM32MP135AAF3, STM32MP135AAG3, STM32MP135CAE3, STM32MP135CAF3, STM32MP135CAG3, STM32MP135DAE7, STM32MP135DAF7, STM32MP135DAG7, STM32MP135F-DK, STM32MP135FAE7, STM32MP135FAF7, STM32MP135FAF7T, STM32MP135FAF7U, STM32MP135FAG7, STM32U031C6T6, STM32U031C6U6, STM32U031C8T6, STM32U031C8U6, STM32U031F4P6, STM32U031F6P6, STM32U031F8P6, STM32U031G6Y6TR, STM32U031G8Y6TR, STM32U031K4U6, STM32U031K6U6, STM32U031K8U6, STM32U031R6I6, STM32U031R6T6, STM32U031R8I6, STM32U031R8T6, STM32U073C8T6, STM32U073C8U6, STM32U073CBT6, STM32U073CBU6, STM32U073CCT6, STM32U073CCU6, STM32U073H8Y6TR, STM32U073HBY6TR, STM32U073HCY6TR, STM32U073K8U6, STM32U073KBU6, STM32U073KCU6, STM32U073M8I6, STM32U073M8T6, STM32U073MBI6, STM32U073MBT6, STM32U073MCI6, STM32U073MCT6, STM32U073R8I6, STM32U073R8T6, STM32U073RBI6, STM32U073RBT6, STM32U073RCI6, STM32U073RCT6, STM32U083C-DK, STM32U083CCT6, STM32U083CCU6, STM32U083HCY6TR, STM32U083KCU6, STM32U083MCI6, STM32U083MCT6, STM32U083RCI6, STM32U083RCT6, STM32U535CBT6, STM32U535CBT6Q, STM32U535CBU6, STM32U535CBU6Q, STM32U535CCT6, STM32U535CCT6Q, STM32U535CCU6, STM32U535CCU6Q, STM32U535CET6, STM32U535CET6Q, STM32U535CEU6, STM32U535CEU6Q, STM32U535JEY6QTR, STM32U535NCY6QTR, STM32U535NEY6QTR, STM32U535RBI6, STM32U535RBI6Q, STM32U535RBT6, STM32U535RBT6Q, STM32U535RCI6, STM32U535RCI6Q, STM32U535RCT6, STM32U535RCT6Q, STM32U535REI6, STM32U535REI6Q, STM32U535RET6, STM32U535RET6Q, STM32U535VCI6, STM32U535VCI6Q, STM32U535VCT6, STM32U535VCT6Q, STM32U535VEI6, STM32U535VEI6Q, STM32U535VET6, STM32U535VET6Q, STM32U545CET6, STM32U545CET6Q, STM32U545CEU6, STM32U545CEU6Q, STM32U545JEY6QTR, STM32U545NEY6QTR, STM32U545REI6, STM32U545REI6Q, STM32U545RET6, STM32U545RET6Q, STM32U545VEI6, STM32U545VEI6Q, STM32U545VET6, STM32U545VET6Q, STM32U595AIH6, STM32U595AIH6Q, STM32U595AJH6, STM32U595AJH6Q, STM32U595QII6, STM32U595QII6Q, STM32U595QJI6, STM32U595QJI6Q, STM32U595RIT6, STM32U595RIT6Q, STM32U595RJT6, STM32U595RJT6Q, STM32U595VIT6, STM32U595VIT6Q, STM32U595VJT6, STM32U595VJT6Q, STM32U595ZIT6, STM32U595ZIT6Q, STM32U595ZIY6QTR, STM32U595ZJT6, STM32U595ZJT6Q, STM32U595ZJY6QTR, STM32U599BJY6QTR, STM32U599NIH6Q, STM32U599NJH6Q, STM32U599VIT6Q, STM32U599VJT6, STM32U599VJT6Q, STM32U599ZIT6Q, STM32U599ZIY6QTR, STM32U599ZJT6Q, STM32U599ZJY6QTR, STM32U5A5AJH6, STM32U5A5AJH6Q, STM32U5A5QII3Q , STM32U5A5QJI6, STM32U5A5QJI6Q, STM32U5A5RJT6, STM32U5A5RJT6Q, STM32U5A5VJT6, STM32U5A5VJT6Q, STM32U5A5ZJT6, STM32U5A5ZJT6Q, STM32U5A5ZJY6QTR, STM32U5A9BJY6QTR, STM32U5A9J-DK, STM32U5A9NJH6Q, STM32U5A9VJT6Q, STM32U5A9ZJT6Q, STM32U5A9ZJY6QTR, STM32U5F7VIT6, STM32U5F7VIT6Q, STM32U5F7VJT6, STM32U5F7VJT6Q, STM32U5F9BJY6QTR, STM32U5F9NJH6Q, STM32U5F9VIT6Q, STM32U5F9VJT6Q, STM32U5F9ZIJ6QTR, STM32U5F9ZIT6Q, STM32U5F9ZJJ6QTR, STM32U5F9ZJT6Q, STM32U5G7VJT6, STM32U5G7VJT6Q, STM32U5G9BJY6QTR, STM32U5G9J-DK1, STM32U5G9J-DK2, STM32U5G9NJH6Q, STM32U5G9VJT6Q, STM32U5G9ZJJ6QTR, STM32U5G9ZJT6Q, STM32WB1MMCH6, STM32WBA50KEU6, STM32WBA50KEU6TR, STM32WBA50KGU6, STM32WBA50KGU6TR, STM32WBA52CEU6, STM32WBA52CEU6TR, STM32WBA52CEU7, STM32WBA52CEU7TR, STM32WBA52CGU6, STM32WBA52CGU6TR, STM32WBA52CGU6U, STM32WBA52CGU7, STM32WBA52CGU7TR, STM32WBA52KEU6, STM32WBA52KEU6TR, STM32WBA52KGU6, STM32WBA52KGU6TR, STM32WBA54CEU6, STM32WBA54CEU6TR, STM32WBA54CEU7, STM32WBA54CEU7TR, STM32WBA54CGU6, STM32WBA54CGU6TR, STM32WBA54CGU7, STM32WBA54CGU7TR, STM32WBA54KEU6, STM32WBA54KEU6TR, STM32WBA54KEU7, STM32WBA54KEU7TR, STM32WBA54KGU6, STM32WBA54KGU6TR, STM32WBA54KGU7, STM32WBA54KGU7TR, STM32WBA55CEU6, STM32WBA55CEU6TR, STM32WBA55CEU7, STM32WBA55CEU7TR, STM32WBA55CGU6, STM32WBA55CGU6TR, STM32WBA55CGU6U, STM32WBA55CGU7, STM32WBA55CGU7TR, STM32WBA55G-DK1, STM32WBA55HEF6, STM32WBA55HEF7, STM32WBA55HGF6, STM32WBA55HGF7, STM32WBA55UEI6, STM32WBA55UEI6TR, STM32WBA55UEI7, STM32WBA55UEI7TR, STM32WBA55UGI6, STM32WBA55UGI6TR, STM32WBA55UGI7, STM32WBA55UGI7TR, STM32WL5MOCH6, STM32WL5MOCH6TR]
2024-09-27 14:21:55,430 [INFO] DbMcus:218 - Found 4203 MCUs, 4203 are supported
2024-09-27 14:21:55,431 [INFO] ApiDb:423 - Load user favorites file C:\Users\frmen/.stm32cubeide/favorites.mcus.txt: 1 item(s)
2024-09-27 14:21:55,432 [INFO] ApiDb:427 - User favorites MCUs=[STM32F303RET6]
2024-09-27 14:21:55,432 [INFO] DbMcus:224 - Set 1 / 1 favorites MCUs
2024-09-27 14:21:55,839 [INFO] BoardInfo:889 - No configuration file found for board P-NUCLEO-WB55
2024-09-27 14:21:55,839 [INFO] DbBoards:161 - Kit is not supported: P-NUCLEO-WB55
2024-09-27 14:21:55,843 [INFO] BoardInfo:889 - No configuration file found for board STEVAL-BFA001V1B
2024-09-27 14:21:55,843 [INFO] DbBoards:161 - Kit is not supported: STEVAL-BFA001V1B
2024-09-27 14:21:55,844 [INFO] BoardInfo:889 - No configuration file found for board STEVAL-BFA001V2B
2024-09-27 14:21:55,844 [INFO] DbBoards:161 - Kit is not supported: STEVAL-BFA001V2B
2024-09-27 14:21:55,940 [INFO] DbBoards:168 - Found 195 boards, 192 are supported
2024-09-27 14:21:55,941 [INFO] DbBoards:169 - Found 195 boards, 8 of them is supported for  Bsp
2024-09-27 14:21:55,943 [INFO] ApiDb:423 - Load user favorites file C:\Users\frmen/.stm32cubeide/favorites.boards.txt: 1 item(s)
2024-09-27 14:21:55,943 [INFO] ApiDb:427 - User favorites Boards=[NUCLEO-F303RE]
2024-09-27 14:21:55,943 [INFO] DbBoards:198 - Set 1 / 1 favorites Boards
2024-09-27 14:21:56,040 [INFO] UtilMem:75 - End LoadConfig() Used Memory: 201131000 Bytes (505413632)
2024-09-27 14:21:56,174 [WARN] ThirdParty:833 - waiting for thirdparty lock release [change project]
2024-09-27 14:21:56,175 [INFO] ThirdParty:835 - entering critical section [change project]
2024-09-27 14:21:56,175 [INFO] ThirdParty:1030 - CMSIS Pack Vendor :STMicroelectronics USBPD 4.1
2024-09-27 14:21:56,175 [INFO] ThirdParty:1030 - CMSIS Pack Vendor :STMicroelectronics X-CUBE-AZRTOS-H7 3.3.0
2024-09-27 14:21:56,175 [INFO] ThirdParty:1030 - CMSIS Pack Vendor :STMicroelectronics X-CUBE-NFC9 1.0.0
2024-09-27 14:21:56,175 [INFO] ThirdParty:1030 - CMSIS Pack Vendor :STMicroelectronics X-CUBE-GNSS1 6.0.0
2024-09-27 14:21:56,175 [INFO] ThirdParty:1030 - CMSIS Pack Vendor :STMicroelectronics USB_HOST 2.0.0
2024-09-27 14:21:56,175 [INFO] ThirdParty:1030 - CMSIS Pack Vendor :STMicroelectronics FP-SNS-MOTENVWB1 1.4.0
2024-09-27 14:21:56,175 [INFO] ThirdParty:1030 - CMSIS Pack Vendor :STMicroelectronics X-CUBE-AZRTOS-F4 1.1.0
2024-09-27 14:21:56,175 [INFO] ThirdParty:1030 - CMSIS Pack Vendor :STMicroelectronics LIBJPEG 8.0.0
2024-09-27 14:21:56,175 [INFO] ThirdParty:1030 - CMSIS Pack Vendor :STMicroelectronics X-CUBE-SMBUS 2.1.0
2024-09-27 14:21:56,175 [INFO] ThirdParty:1030 - CMSIS Pack Vendor :STMicroelectronics USB_DEVICE 3.0.0
2024-09-27 14:21:56,175 [INFO] ThirdParty:1030 - CMSIS Pack Vendor :STMicroelectronics X-CUBE-TCPP 4.1.0
2024-09-27 14:21:56,175 [INFO] ThirdParty:1030 - CMSIS Pack Vendor :STMicroelectronics X-CUBE-ISPU 2.1.0
2024-09-27 14:21:56,175 [INFO] ThirdParty:1030 - CMSIS Pack Vendor :STMicroelectronics X-CUBE-FREERTOS 1.2.0
2024-09-27 14:21:56,175 [INFO] ThirdParty:1030 - CMSIS Pack Vendor :STMicroelectronics X-CUBE-AZRTOS-WB 2.0.0
2024-09-27 14:21:56,175 [INFO] ThirdParty:1030 - CMSIS Pack Vendor :STMicroelectronics X-CUBE-GNSS1 7.0.0
2024-09-27 14:21:56,175 [INFO] ThirdParty:1030 - CMSIS Pack Vendor :STMicroelectronics X-CUBE-TOUCHGFX 4.23.2
2024-09-27 14:21:56,175 [INFO] ThirdParty:1030 - CMSIS Pack Vendor :STMicroelectronics X-CUBE-AZRTOS-F7 1.1.0
2024-09-27 14:21:56,175 [INFO] ThirdParty:1030 - CMSIS Pack Vendor :STMicroelectronics X-CUBE-AZRTOS-L5 2.0.0
2024-09-27 14:21:56,175 [INFO] ThirdParty:1030 - CMSIS Pack Vendor :STMicroelectronics USB_DEVICE 2.0.0
2024-09-27 14:21:56,175 [INFO] ThirdParty:1030 - CMSIS Pack Vendor :STMicroelectronics X-CUBE-NFC6 3.1.0
2024-09-27 14:21:56,175 [INFO] ThirdParty:1030 - CMSIS Pack Vendor :STMicroelectronics FP-SNS-STBOX1 2.0.0
2024-09-27 14:21:56,175 [INFO] ThirdParty:1030 - CMSIS Pack Vendor :STMicroelectronics X-CUBE-ALGOBUILD 1.3.0
2024-09-27 14:21:56,175 [INFO] ThirdParty:1030 - CMSIS Pack Vendor :STMicroelectronics X-CUBE-MEMS1 11.0.0
2024-09-27 14:21:56,175 [INFO] ThirdParty:1030 - CMSIS Pack Vendor :STMicroelectronics FreeRTOS 0.0.1
2024-09-27 14:21:56,175 [INFO] ThirdParty:1030 - CMSIS Pack Vendor :STMicroelectronics X-CUBE-AZRTOS-G0 1.1.0
2024-09-27 14:21:56,175 [INFO] ThirdParty:1030 - CMSIS Pack Vendor :STMicroelectronics X-CUBE-SAFEA1 1.2.2
2024-09-27 14:21:56,175 [INFO] ThirdParty:1030 - CMSIS Pack Vendor :STMicroelectronics X-CUBE-NFC4 3.0.0
2024-09-27 14:21:56,175 [INFO] ThirdParty:1030 - CMSIS Pack Vendor :STMicroelectronics X-CUBE-DPower 1.2.0
2024-09-27 14:21:56,175 [INFO] ThirdParty:1030 - CMSIS Pack Vendor :STMicroelectronics X-CUBE-SUBG2 5.0.0
2024-09-27 14:21:56,175 [INFO] ThirdParty:1030 - CMSIS Pack Vendor :STMicroelectronics STM32_WPAN 1.0.0
2024-09-27 14:21:56,175 [INFO] ThirdParty:1030 - CMSIS Pack Vendor :EmbeddedOffice I-CUBE-FS-RTOS 1.0.1
2024-09-27 14:21:56,175 [INFO] ThirdParty:1030 - CMSIS Pack Vendor :STMicroelectronics lwIP 2.0.3
2024-09-27 14:21:56,175 [INFO] ThirdParty:1030 - CMSIS Pack Vendor :STMicroelectronics FP-SNS-FLIGHT1 5.0.2
2024-09-27 14:21:56,175 [INFO] ThirdParty:1030 - CMSIS Pack Vendor :Cesanta I-CUBE-Mongoose 7.13.0
2024-09-27 14:21:56,176 [INFO] ThirdParty:1030 - CMSIS Pack Vendor :STMicroelectronics USB_HOST 1.0.0
2024-09-27 14:21:56,176 [INFO] ThirdParty:1030 - CMSIS Pack Vendor :STMicroelectronics X-CUBE-AI 9.0.0
2024-09-27 14:21:56,176 [INFO] ThirdParty:1030 - CMSIS Pack Vendor :STMicroelectronics X-CUBE-AZRTOS-G4 2.0.0
2024-09-27 14:21:56,176 [INFO] ThirdParty:1030 - CMSIS Pack Vendor :STMicroelectronics PDM2PCM 3.1.0
2024-09-27 14:21:56,176 [INFO] ThirdParty:1030 - CMSIS Pack Vendor :STMicroelectronics PDM2PCM 3.3.0
2024-09-27 14:21:56,176 [INFO] ThirdParty:1030 - CMSIS Pack Vendor :STMicroelectronics X-CUBE-DISPLAY 3.0.0
2024-09-27 14:21:56,176 [INFO] ThirdParty:1030 - CMSIS Pack Vendor :RealThread X-CUBE-RT-Thread_Nano 4.1.1
2024-09-27 14:21:56,176 [INFO] ThirdParty:1030 - CMSIS Pack Vendor :wolfSSL I-CUBE-wolfSSL 5.7.0
2024-09-27 14:21:56,176 [INFO] ThirdParty:1030 - CMSIS Pack Vendor :STMicroelectronics X-CUBE-BLE1 7.0.0
2024-09-27 14:21:56,176 [INFO] ThirdParty:1030 - CMSIS Pack Vendor :STMicroelectronics FP-ATR-SIGFOX1 3.2.0
2024-09-27 14:21:56,176 [INFO] ThirdParty:1030 - CMSIS Pack Vendor :STMicroelectronics X-CUBE-NFC10 1.0.0
2024-09-27 14:21:56,176 [INFO] ThirdParty:1030 - CMSIS Pack Vendor :wolfSSL I-CUBE-wolfSSL 5.7.2
2024-09-27 14:21:56,176 [INFO] ThirdParty:1030 - CMSIS Pack Vendor :STMicroelectronics X-CUBE-ISPU 2.0.0
2024-09-27 14:21:56,176 [INFO] ThirdParty:1030 - CMSIS Pack Vendor :STMicroelectronics X-CUBE-EEPRMA1 5.1.0
2024-09-27 14:21:56,176 [INFO] ThirdParty:1030 - CMSIS Pack Vendor :STMicroelectronics HAL Drivers 0.0.0
2024-09-27 14:21:56,176 [INFO] ThirdParty:1030 - CMSIS Pack Vendor :STMicroelectronics MBEDTLS 2.16.2
2024-09-27 14:21:56,176 [INFO] ThirdParty:1030 - CMSIS Pack Vendor :STMicroelectronics X-CUBE-ALS 1.0.2
2024-09-27 14:21:56,176 [INFO] ThirdParty:1030 - CMSIS Pack Vendor :emotas I-CUBE-CANOPEN 1.3.0
2024-09-27 14:21:56,176 [INFO] ThirdParty:1030 - CMSIS Pack Vendor :STMicroelectronics X-CUBE-MEMS1 10.0.0
2024-09-27 14:21:56,176 [INFO] ThirdParty:1030 - CMSIS Pack Vendor :STMicroelectronics X-CUBE-FREERTOS 1.1.0
2024-09-27 14:21:56,176 [INFO] ThirdParty:1030 - CMSIS Pack Vendor :STMicroelectronics X-CUBE-NFC7 1.0.1
2024-09-27 14:21:56,176 [INFO] ThirdParty:1030 - CMSIS Pack Vendor :STMicroelectronics MBEDTLS 2.14.1
2024-09-27 14:21:56,176 [INFO] ThirdParty:1030 - CMSIS Pack Vendor :STMicroelectronics X-CUBE-TOUCHGFX 4.24.0
2024-09-27 14:21:56,176 [INFO] ThirdParty:1030 - CMSIS Pack Vendor :ITTIA_DB I-CUBE-ITTIADB 8.9.0
2024-09-27 14:21:56,176 [INFO] ThirdParty:1030 - CMSIS Pack Vendor :wolfSSL I-CUBE-wolfTPM 3.2.0
2024-09-27 14:21:56,176 [INFO] ThirdParty:1030 - CMSIS Pack Vendor :STMicroelectronics X-CUBE-TOUCHGFX 4.24.1
2024-09-27 14:21:56,176 [INFO] ThirdParty:1030 - CMSIS Pack Vendor :wolfSSL I-CUBE-wolfTPM 3.4.0
2024-09-27 14:21:56,177 [INFO] ThirdParty:1030 - CMSIS Pack Vendor :portGmbH I-Cube-SoM-uGOAL 1.1.0
2024-09-27 14:21:56,177 [INFO] ThirdParty:1030 - CMSIS Pack Vendor :STMicroelectronics X-CUBE-ALS 1.0.1
2024-09-27 14:21:56,177 [INFO] ThirdParty:1030 - CMSIS Pack Vendor :STMicroelectronics X-CUBE-BLEMGR 3.1.0
2024-09-27 14:21:56,177 [INFO] ThirdParty:1030 - CMSIS Pack Vendor :STMicroelectronics ThreadX 1.0.0
2024-09-27 14:21:56,177 [INFO] ThirdParty:1030 - CMSIS Pack Vendor :STMicroelectronics FP-SNS-SMARTAG2 1.2.0
2024-09-27 14:21:56,177 [INFO] ThirdParty:1030 - CMSIS Pack Vendor :STMicroelectronics X-CUBE-AZRTOS-WL 2.0.0
2024-09-27 14:21:56,177 [INFO] ThirdParty:1030 - CMSIS Pack Vendor :SEGGER I-CUBE-embOS 1.3.1
2024-09-27 14:21:56,177 [INFO] ThirdParty:1030 - CMSIS Pack Vendor :STMicroelectronics X-CUBE-ALGOBUILD 1.4.0
2024-09-27 14:21:56,177 [INFO] ThirdParty:1030 - CMSIS Pack Vendor :STMicroelectronics FP-SNS-MOTENV1 5.0.0
2024-09-27 14:21:56,177 [INFO] ThirdParty:1030 - CMSIS Pack Vendor :STMicroelectronics USB_DEVICE 1.0.0
2024-09-27 14:21:56,177 [INFO] ThirdParty:1030 - CMSIS Pack Vendor :STMicroelectronics X-CUBE-AZRTOS-H7RS 1.0.0
2024-09-27 14:21:56,177 [INFO] ThirdParty:1030 - CMSIS Pack Vendor :wolfSSL I-CUBE-wolfMQTT 1.19.0
2024-09-27 14:21:56,177 [INFO] ThirdParty:1030 - CMSIS Pack Vendor :STMicroelectronics X-CUBE-AZRTOS-L4 2.0.0
2024-09-27 14:21:56,177 [INFO] ThirdParty:1030 - CMSIS Pack Vendor :STMicroelectronics ThreadX 0.0.2
2024-09-27 14:21:56,177 [INFO] ThirdParty:1030 - CMSIS Pack Vendor :WES I-CUBE-Cesium 1.3.0
2024-09-27 14:21:56,177 [INFO] ThirdParty:1030 - CMSIS Pack Vendor :STMicroelectronics FP-ATR-ASTRA1 2.0.0
2024-09-27 14:21:56,177 [INFO] ThirdParty:1030 - CMSIS Pack Vendor :STMicroelectronics lwIP 2.1.2
2024-09-27 14:21:56,177 [INFO] ThirdParty:1030 - CMSIS Pack Vendor :STMicroelectronics X-CUBE-SFXS2LP1 4.0.0
2024-09-27 14:21:56,177 [INFO] ThirdParty:1030 - CMSIS Pack Vendor :STMicroelectronics X-CUBE-BLE2 3.3.0
2024-09-27 14:21:56,177 [INFO] ThirdParty:1030 - CMSIS Pack Vendor :STMicroelectronics X-CUBE-TOF1 3.4.2
2024-09-27 14:21:56,177 [INFO] ThirdParty:1030 - CMSIS Pack Vendor :Infineon AIROC-Wi-Fi-Bluetooth-STM32 1.6.1
2024-09-27 14:21:56,177 [INFO] ThirdParty:1030 - CMSIS Pack Vendor :STMicroelectronics X-CUBE-TOF1 3.4.1
2024-09-27 14:21:56,177 [INFO] ThirdParty:1030 - CMSIS Pack Vendor :STMicroelectronics X-CUBE-AZRTOS-H7 3.2.0
2024-09-27 14:21:56,177 [INFO] ThirdParty:1030 - CMSIS Pack Vendor :Infineon AIROC-Wi-Fi-Bluetooth-STM32 1.6.0
2024-09-27 14:21:56,177 [INFO] ThirdParty:1030 - CMSIS Pack Vendor :STMicroelectronics PDM2PCM 3.2.0
2024-09-27 14:21:56,177 [INFO] ThirdParty:1030 - CMSIS Pack Vendor :wolfSSL I-CUBE-wolfSSH 1.4.17
2024-09-27 14:21:56,178 [INFO] ThirdParty:841 - exiting critical section [change project]
2024-09-27 14:21:56,409 [INFO] PinOutPanel:1561 - setPackage(No Configuration,No Configuration)
2024-09-27 14:21:56,411 [INFO] PinOutPanel:1561 - setPackage(STM32F303RETx,LQFP64)
2024-09-27 14:21:57,137 [INFO] UtilMem:75 - Before build in PCC Used Memory: 264961536 Bytes (505413632)
2024-09-27 14:21:58,010 [INFO] UtilMem:75 - After build in PCC Used Memory: 334754320 Bytes (505413632)
2024-09-27 14:21:58,037 [INFO] IPUIPlugin:80 - create IPUIPlugin
2024-09-27 14:21:58,037 [INFO] IPUIPlugin:80 - create IPUIPlugin
2024-09-27 14:21:58,037 [INFO] IPUIPlugin:80 - create IPUIPlugin
2024-09-27 14:21:58,037 [INFO] IPUIPlugin:80 - create IPUIPlugin
2024-09-27 14:21:58,037 [INFO] IPUIPlugin:80 - create IPUIPlugin
2024-09-27 14:21:58,037 [INFO] IPUIPlugin:80 - create IPUIPlugin
2024-09-27 14:21:58,037 [INFO] IPUIPlugin:80 - create IPUIPlugin
2024-09-27 14:21:58,037 [INFO] IPUIPlugin:80 - create IPUIPlugin
2024-09-27 14:21:58,037 [INFO] IPUIPlugin:80 - create IPUIPlugin
2024-09-27 14:21:58,037 [INFO] IPUIPlugin:80 - create IPUIPlugin
2024-09-27 14:21:58,037 [INFO] IPUIPlugin:80 - create IPUIPlugin
2024-09-27 14:21:58,037 [INFO] IPUIPlugin:80 - create IPUIPlugin
2024-09-27 14:21:58,037 [INFO] IPUIPlugin:80 - create IPUIPlugin
2024-09-27 14:21:58,037 [INFO] IPUIPlugin:80 - create IPUIPlugin
2024-09-27 14:21:58,037 [INFO] IPUIPlugin:80 - create IPUIPlugin
2024-09-27 14:21:58,037 [INFO] IPUIPlugin:80 - create IPUIPlugin
2024-09-27 14:21:58,037 [INFO] IPUIPlugin:80 - create IPUIPlugin
2024-09-27 14:21:58,038 [INFO] IPUIPlugin:80 - create IPUIPlugin
2024-09-27 14:21:58,038 [INFO] IPUIPlugin:80 - create IPUIPlugin
2024-09-27 14:21:58,038 [INFO] IPUIPlugin:80 - create IPUIPlugin
2024-09-27 14:21:58,038 [INFO] IPUIPlugin:80 - create IPUIPlugin
2024-09-27 14:21:58,038 [INFO] IPUIPlugin:80 - create IPUIPlugin
2024-09-27 14:21:58,038 [INFO] IPUIPlugin:80 - create IPUIPlugin
2024-09-27 14:21:58,038 [INFO] IPUIPlugin:80 - create IPUIPlugin
2024-09-27 14:21:58,038 [INFO] IPUIPlugin:80 - create IPUIPlugin
2024-09-27 14:21:58,038 [INFO] IPUIPlugin:80 - create IPUIPlugin
2024-09-27 14:21:58,038 [INFO] IPUIPlugin:80 - create IPUIPlugin
2024-09-27 14:21:58,038 [INFO] IPUIPlugin:80 - create IPUIPlugin
2024-09-27 14:21:58,038 [INFO] IPUIPlugin:80 - create IPUIPlugin
2024-09-27 14:21:58,039 [INFO] IPUIPlugin:80 - create IPUIPlugin
2024-09-27 14:21:58,039 [INFO] IPUIPlugin:80 - create IPUIPlugin
2024-09-27 14:21:58,039 [INFO] IPUIPlugin:80 - create IPUIPlugin
2024-09-27 14:21:58,039 [INFO] IPUIPlugin:80 - create IPUIPlugin
2024-09-27 14:21:58,039 [INFO] IPUIPlugin:80 - create IPUIPlugin
2024-09-27 14:21:58,039 [INFO] IPUIPlugin:80 - create IPUIPlugin
2024-09-27 14:21:58,039 [INFO] IPUIPlugin:80 - create IPUIPlugin
2024-09-27 14:21:58,040 [INFO] IPUIPlugin:80 - create IPUIPlugin
2024-09-27 14:21:58,040 [INFO] IPUIPlugin:80 - create IPUIPlugin
2024-09-27 14:21:58,040 [INFO] IPUIPlugin:80 - create IPUIPlugin
2024-09-27 14:21:58,040 [INFO] IPUIPlugin:80 - create IPUIPlugin
2024-09-27 14:21:58,040 [INFO] IPUIPlugin:80 - create IPUIPlugin
2024-09-27 14:21:58,040 [INFO] IPUIPlugin:80 - create IPUIPlugin
2024-09-27 14:21:58,040 [INFO] IPUIPlugin:80 - create IPUIPlugin
2024-09-27 14:21:58,040 [INFO] IPUIPlugin:80 - create IPUIPlugin
2024-09-27 14:21:58,041 [INFO] IPUIPlugin:80 - create IPUIPlugin
2024-09-27 14:21:58,041 [INFO] IPUIPlugin:80 - create IPUIPlugin
2024-09-27 14:21:58,041 [INFO] IPUIPlugin:80 - create IPUIPlugin
2024-09-27 14:21:58,041 [INFO] IPUIPlugin:80 - create IPUIPlugin
2024-09-27 14:21:58,041 [INFO] IPUIPlugin:80 - create IPUIPlugin
2024-09-27 14:21:58,041 [INFO] IPUIPlugin:80 - create IPUIPlugin
2024-09-27 14:21:58,042 [INFO] IPUIPlugin:80 - create IPUIPlugin
2024-09-27 14:21:58,042 [INFO] IPUIPlugin:80 - create IPUIPlugin
2024-09-27 14:21:58,043 [INFO] IPUIPlugin:80 - create IPUIPlugin
2024-09-27 14:21:58,043 [INFO] IPUIPlugin:80 - create IPUIPlugin
2024-09-27 14:21:58,043 [INFO] IPUIPlugin:80 - create IPUIPlugin
2024-09-27 14:21:58,043 [INFO] IPUIPlugin:80 - create IPUIPlugin
2024-09-27 14:21:58,043 [INFO] IPUIPlugin:80 - create IPUIPlugin
2024-09-27 14:21:58,132 [WARN] FreeRTOS:1023 - Null or empty value: should not occur! (nothing added to the table)
2024-09-27 14:21:58,365 [INFO] CADModel:165 - CPN selected for project levelSTM32F303RET6
2024-09-27 14:21:58,366 [INFO] CADModel:114 - Register for checkConnection events
2024-09-27 14:21:58,367 [INFO] RtosManager:697 - Active RTOS found at IOC load: FREERTOS [Cortex-M4NS]
2024-09-27 14:21:58,433 [INFO] OpenFileManager:343 - Restore cursor
2024-09-27 14:23:52,299 [INFO] NvicIntPanel:101 - NVIC parent = com.st.microxplorer.plugins.ip.nvic.MultiNvicIntPanel[,0,0,450x282,layout=javax.swing.BoxLayout,alignmentX=0.0,alignmentY=0.0,border=,flags=9,maximumSize=,minimumSize=,preferredSize=]
2024-09-27 14:24:15,596 [INFO] UtilMem:75 - End SaveConfig() Used Memory: 708653992 Bytes (1073741824)
2024-09-27 14:24:18,557 [INFO] UtilMem:75 - End SaveConfig() Used Memory: 736965160 Bytes (1073741824)
2024-09-27 14:24:22,020 [INFO] UtilMem:75 - End SaveConfig() Used Memory: 781005736 Bytes (1073741824)
2024-09-27 14:24:22,389 [INFO] ProjectBuilder:2313 - IP not ready for code generation: Clock
2024-09-27 14:24:39,394 [INFO] UtilMem:75 - End SaveConfig() Used Memory: 778954848 Bytes (1073741824)
2024-09-27 14:24:41,545 [INFO] UtilMem:75 - End SaveConfig() Used Memory: 803594336 Bytes (1073741824)
2024-09-27 14:24:44,156 [INFO] UtilMem:75 - End SaveConfig() Used Memory: 843442272 Bytes (1073741824)
2024-09-27 14:24:44,407 [INFO] BlockDiagram:2759 - set Specific Code input for plugin: FREERTOS
2024-09-27 14:24:44,407 [INFO] BlockDiagram:2759 - set Specific Code input for plugin: TIM6_7F3
2024-09-27 14:24:44,407 [INFO] BlockDiagram:2759 - set Specific Code input for plugin: TIM6_7F3
2024-09-27 14:24:44,407 [INFO] BlockDiagram:2759 - set Specific Code input for plugin: SYS
2024-09-27 14:24:44,407 [INFO] BlockDiagram:2759 - set Specific Code input for plugin: ADC
2024-09-27 14:24:44,407 [INFO] BlockDiagram:2759 - set Specific Code input for plugin: RCC
2024-09-27 14:24:44,407 [INFO] BlockDiagram:2759 - set Specific Code input for plugin: NVIC
2024-09-27 14:24:44,407 [INFO] BlockDiagram:2759 - set Specific Code input for plugin: USART
2024-09-27 14:24:44,407 [INFO] BlockDiagram:2759 - set Specific Code input for plugin: DMA
2024-09-27 14:24:44,407 [INFO] BlockDiagram:2759 - set Specific Code input for plugin: STMicroelectronics.X-CUBE-ALGOBUILD.1.4.0
2024-09-27 14:24:44,408 [INFO] BlockDiagram:2759 - set Specific Code input for plugin: GPIO
2024-09-27 14:24:44,421 [WARN] ThirdPartyIpManager:480 - Condition 'CM3_GCC' not fulfilled in pack 'STMicroelectronics.X-CUBE-ALGOBUILD.1.4.0'
2024-09-27 14:24:44,422 [WARN] ThirdPartyIpManager:480 - Condition 'CM3_IAR' not fulfilled in pack 'STMicroelectronics.X-CUBE-ALGOBUILD.1.4.0'
2024-09-27 14:24:44,422 [WARN] ThirdPartyIpManager:480 - Condition 'CM3_Keil' not fulfilled in pack 'STMicroelectronics.X-CUBE-ALGOBUILD.1.4.0'
2024-09-27 14:24:44,426 [WARN] ThirdPartyIpManager:480 - Condition 'CM4_IAR' not fulfilled in pack 'STMicroelectronics.X-CUBE-ALGOBUILD.1.4.0'
2024-09-27 14:24:44,427 [WARN] ThirdPartyIpManager:480 - Condition 'CM4_Keil' not fulfilled in pack 'STMicroelectronics.X-CUBE-ALGOBUILD.1.4.0'
2024-09-27 14:24:44,427 [WARN] ThirdPartyIpManager:480 - Condition 'CM33_GCC' not fulfilled in pack 'STMicroelectronics.X-CUBE-ALGOBUILD.1.4.0'
2024-09-27 14:24:44,427 [WARN] ThirdPartyIpManager:480 - Condition 'CM33_IAR' not fulfilled in pack 'STMicroelectronics.X-CUBE-ALGOBUILD.1.4.0'
2024-09-27 14:24:44,427 [WARN] ThirdPartyIpManager:480 - Condition 'CM33_Keil' not fulfilled in pack 'STMicroelectronics.X-CUBE-ALGOBUILD.1.4.0'
2024-09-27 14:24:44,428 [INFO] CodeGenerator:807 - code generatio: config db path: C:\ST\STM32CubeIDE_1.15.0\STM32CubeIDE\plugins\com.st.stm32cube.common.mx_6.11.0.202403141607\\db\
2024-09-27 14:24:44,626 [INFO] IP:3348 - RTE Config file name : RTE_Component
2024-09-27 14:24:44,626 [INFO] IP:3366 - RTE template : RTE_Components.ftl
2024-09-27 14:24:44,731 [INFO] CodeEngine:255 - oldGeneratedFile, C:\Users\frmen\Documents\GitHub\GuitarTuner\GuitarTuner\MXTmpFiles\license.tmp_save
2024-09-27 14:24:45,204 [INFO] CodeEngine:279 - Generated code: C:\Users\frmen\Documents\GitHub\GuitarTuner\GuitarTuner\MXTmpFiles\license.tmp
2024-09-27 14:24:45,300 [INFO] CodeEngine:255 - oldGeneratedFile, C:\Users\frmen\Documents\GitHub\GuitarTuner\GuitarTuner\MXTmpFiles\gpio.tmp_save
2024-09-27 14:24:45,473 [INFO] CodeEngine:279 - Generated code: C:\Users\frmen\Documents\GitHub\GuitarTuner\GuitarTuner\MXTmpFiles\gpio.tmp
2024-09-27 14:24:45,784 [INFO] Middleware:1439 - No code input for Bsp Dependency
2024-09-27 14:24:45,803 [INFO] CodeEngine:255 - oldGeneratedFile, C:\Users\frmen\Documents\GitHub\GuitarTuner\GuitarTuner\MXTmpFiles\rtos_inc.tmp_save
2024-09-27 14:24:45,884 [INFO] CodeEngine:279 - Generated code: C:\Users\frmen\Documents\GitHub\GuitarTuner\GuitarTuner\MXTmpFiles\rtos_inc.tmp
2024-09-27 14:24:45,899 [INFO] CodeEngine:255 - oldGeneratedFile, C:\Users\frmen\Documents\GitHub\GuitarTuner\GuitarTuner\MXTmpFiles\rtos_kernelInit.tmp_save
2024-09-27 14:24:45,977 [INFO] CodeEngine:279 - Generated code: C:\Users\frmen\Documents\GitHub\GuitarTuner\GuitarTuner\MXTmpFiles\rtos_kernelInit.tmp
2024-09-27 14:24:45,987 [INFO] CodeEngine:255 - oldGeneratedFile, C:\Users\frmen\Documents\GitHub\GuitarTuner\GuitarTuner\MXTmpFiles\rtos_kernelStart.tmp_save
2024-09-27 14:24:46,048 [INFO] CodeEngine:279 - Generated code: C:\Users\frmen\Documents\GitHub\GuitarTuner\GuitarTuner\MXTmpFiles\rtos_kernelStart.tmp
2024-09-27 14:24:46,059 [INFO] CodeEngine:255 - oldGeneratedFile, C:\Users\frmen\Documents\GitHub\GuitarTuner\GuitarTuner\MXTmpFiles\rtos_typedefs.tmp_save
2024-09-27 14:24:46,140 [INFO] CodeEngine:279 - Generated code: C:\Users\frmen\Documents\GitHub\GuitarTuner\GuitarTuner\MXTmpFiles\rtos_typedefs.tmp
2024-09-27 14:24:46,152 [INFO] CodeEngine:255 - oldGeneratedFile, C:\Users\frmen\Documents\GitHub\GuitarTuner\GuitarTuner\MXTmpFiles\rtos_vars.tmp_save
2024-09-27 14:24:46,242 [INFO] CodeEngine:279 - Generated code: C:\Users\frmen\Documents\GitHub\GuitarTuner\GuitarTuner\MXTmpFiles\rtos_vars.tmp
2024-09-27 14:24:46,258 [INFO] CodeEngine:255 - oldGeneratedFile, C:\Users\frmen\Documents\GitHub\GuitarTuner\GuitarTuner\MXTmpFiles\rtos_pfp.tmp_save
2024-09-27 14:24:46,326 [INFO] CodeEngine:279 - Generated code: C:\Users\frmen\Documents\GitHub\GuitarTuner\GuitarTuner\MXTmpFiles\rtos_pfp.tmp
2024-09-27 14:24:46,337 [INFO] CodeEngine:255 - oldGeneratedFile, C:\Users\frmen\Documents\GitHub\GuitarTuner\GuitarTuner\MXTmpFiles\rtos_obj_creat.tmp_save
2024-09-27 14:24:46,408 [INFO] CodeEngine:279 - Generated code: C:\Users\frmen\Documents\GitHub\GuitarTuner\GuitarTuner\MXTmpFiles\rtos_obj_creat.tmp
2024-09-27 14:24:46,426 [INFO] CodeEngine:255 - oldGeneratedFile, C:\Users\frmen\Documents\GitHub\GuitarTuner\GuitarTuner\MXTmpFiles\rtos_default_thread.tmp_save
2024-09-27 14:24:46,496 [INFO] CodeEngine:279 - Generated code: C:\Users\frmen\Documents\GitHub\GuitarTuner\GuitarTuner\MXTmpFiles\rtos_default_thread.tmp
2024-09-27 14:24:46,509 [INFO] CodeEngine:255 - oldGeneratedFile, C:\Users\frmen\Documents\GitHub\GuitarTuner\GuitarTuner\MXTmpFiles\rtos_threads.tmp_save
2024-09-27 14:24:46,584 [INFO] CodeEngine:279 - Generated code: C:\Users\frmen\Documents\GitHub\GuitarTuner\GuitarTuner\MXTmpFiles\rtos_threads.tmp
2024-09-27 14:24:46,588 [INFO] Middleware:1439 - No code input for Bsp Dependency
2024-09-27 14:24:46,601 [INFO] Middleware:1439 - No code input for Bsp Dependency
2024-09-27 14:24:46,611 [INFO] CodeEngine:255 - oldGeneratedFile, C:\Users\frmen\Documents\GitHub\GuitarTuner\GuitarTuner\MXTmpFiles\rtos_inc.tmp_save
2024-09-27 14:24:46,680 [INFO] CodeEngine:279 - Generated code: C:\Users\frmen\Documents\GitHub\GuitarTuner\GuitarTuner\MXTmpFiles\rtos_inc.tmp
2024-09-27 14:24:46,688 [INFO] CodeEngine:255 - oldGeneratedFile, C:\Users\frmen\Documents\GitHub\GuitarTuner\GuitarTuner\MXTmpFiles\rtos_kernelInit.tmp_save
2024-09-27 14:24:46,752 [INFO] CodeEngine:279 - Generated code: C:\Users\frmen\Documents\GitHub\GuitarTuner\GuitarTuner\MXTmpFiles\rtos_kernelInit.tmp
2024-09-27 14:24:46,760 [INFO] CodeEngine:255 - oldGeneratedFile, C:\Users\frmen\Documents\GitHub\GuitarTuner\GuitarTuner\MXTmpFiles\rtos_kernelStart.tmp_save
2024-09-27 14:24:46,813 [INFO] CodeEngine:279 - Generated code: C:\Users\frmen\Documents\GitHub\GuitarTuner\GuitarTuner\MXTmpFiles\rtos_kernelStart.tmp
2024-09-27 14:24:46,819 [INFO] CodeEngine:255 - oldGeneratedFile, C:\Users\frmen\Documents\GitHub\GuitarTuner\GuitarTuner\MXTmpFiles\rtos_typedefs.tmp_save
2024-09-27 14:24:46,868 [INFO] CodeEngine:279 - Generated code: C:\Users\frmen\Documents\GitHub\GuitarTuner\GuitarTuner\MXTmpFiles\rtos_typedefs.tmp
2024-09-27 14:24:46,887 [INFO] CodeEngine:255 - oldGeneratedFile, C:\Users\frmen\Documents\GitHub\GuitarTuner\GuitarTuner\MXTmpFiles\rtos_vars.tmp_save
2024-09-27 14:24:46,933 [INFO] CodeEngine:279 - Generated code: C:\Users\frmen\Documents\GitHub\GuitarTuner\GuitarTuner\MXTmpFiles\rtos_vars.tmp
2024-09-27 14:24:46,941 [INFO] CodeEngine:255 - oldGeneratedFile, C:\Users\frmen\Documents\GitHub\GuitarTuner\GuitarTuner\MXTmpFiles\rtos_pfp.tmp_save
2024-09-27 14:24:46,990 [INFO] CodeEngine:279 - Generated code: C:\Users\frmen\Documents\GitHub\GuitarTuner\GuitarTuner\MXTmpFiles\rtos_pfp.tmp
2024-09-27 14:24:47,005 [INFO] CodeEngine:255 - oldGeneratedFile, C:\Users\frmen\Documents\GitHub\GuitarTuner\GuitarTuner\MXTmpFiles\rtos_obj_creat.tmp_save
2024-09-27 14:24:47,051 [INFO] CodeEngine:279 - Generated code: C:\Users\frmen\Documents\GitHub\GuitarTuner\GuitarTuner\MXTmpFiles\rtos_obj_creat.tmp
2024-09-27 14:24:47,058 [INFO] CodeEngine:255 - oldGeneratedFile, C:\Users\frmen\Documents\GitHub\GuitarTuner\GuitarTuner\MXTmpFiles\rtos_default_thread.tmp_save
2024-09-27 14:24:47,101 [INFO] CodeEngine:279 - Generated code: C:\Users\frmen\Documents\GitHub\GuitarTuner\GuitarTuner\MXTmpFiles\rtos_default_thread.tmp
2024-09-27 14:24:47,107 [INFO] CodeEngine:255 - oldGeneratedFile, C:\Users\frmen\Documents\GitHub\GuitarTuner\GuitarTuner\MXTmpFiles\rtos_threads.tmp_save
2024-09-27 14:24:47,149 [INFO] CodeEngine:279 - Generated code: C:\Users\frmen\Documents\GitHub\GuitarTuner\GuitarTuner\MXTmpFiles\rtos_threads.tmp
2024-09-27 14:24:47,184 [INFO] CodeEngine:255 - oldGeneratedFile, C:\Users\frmen\Documents\GitHub\GuitarTuner\GuitarTuner\Core\Inc\FreeRTOSConfig.h_save
2024-09-27 14:24:47,263 [INFO] CodeEngine:279 - Generated code: C:\Users\frmen\Documents\GitHub\GuitarTuner\GuitarTuner\Core\Inc\FreeRTOSConfig.h
2024-09-27 14:24:47,287 [INFO] CodeEngine:255 - oldGeneratedFile, C:\Users\frmen\Documents\GitHub\GuitarTuner\GuitarTuner\Core\Src\freertos.c_save
2024-09-27 14:24:47,364 [INFO] CodeEngine:279 - Generated code: C:\Users\frmen\Documents\GitHub\GuitarTuner\GuitarTuner\Core\Src\freertos.c
2024-09-27 14:24:47,404 [INFO] CodeEngine:255 - oldGeneratedFile, C:\Users\frmen\Documents\GitHub\GuitarTuner\GuitarTuner\MXTmpFiles\dma.tmp_save
2024-09-27 14:24:47,470 [INFO] CodeEngine:279 - Generated code: C:\Users\frmen\Documents\GitHub\GuitarTuner\GuitarTuner\MXTmpFiles\dma.tmp
2024-09-27 14:24:47,479 [INFO] CodeEngine:255 - oldGeneratedFile, C:\Users\frmen\Documents\GitHub\GuitarTuner\GuitarTuner\MXTmpFiles\dma_GV.tmp_save
2024-09-27 14:24:47,532 [INFO] CodeEngine:279 - Generated code: C:\Users\frmen\Documents\GitHub\GuitarTuner\GuitarTuner\MXTmpFiles\dma_GV.tmp
2024-09-27 14:24:47,534 [INFO] Middleware:1439 - No code input for Bsp Dependency
2024-09-27 14:24:47,578 [INFO] CodeEngine:255 - oldGeneratedFile, C:\Users\frmen\Documents\GitHub\GuitarTuner\GuitarTuner\Core\Src\stm32f3xx_it.c_save
2024-09-27 14:24:47,695 [INFO] CodeEngine:279 - Generated code: C:\Users\frmen\Documents\GitHub\GuitarTuner\GuitarTuner\Core\Src\stm32f3xx_it.c
2024-09-27 14:24:47,714 [INFO] CodeEngine:255 - oldGeneratedFile, C:\Users\frmen\Documents\GitHub\GuitarTuner\GuitarTuner\Core\Inc\stm32f3xx_it.h_save
2024-09-27 14:24:47,806 [INFO] CodeEngine:279 - Generated code: C:\Users\frmen\Documents\GitHub\GuitarTuner\GuitarTuner\Core\Inc\stm32f3xx_it.h
2024-09-27 14:24:47,851 [INFO] CodeEngine:255 - oldGeneratedFile, C:\Users\frmen\Documents\GitHub\GuitarTuner\GuitarTuner\Core\Src\stm32f3xx_hal_msp.c_save
2024-09-27 14:24:48,010 [INFO] CodeEngine:279 - Generated code: C:\Users\frmen\Documents\GitHub\GuitarTuner\GuitarTuner\Core\Src\stm32f3xx_hal_msp.c
2024-09-27 14:24:48,026 [INFO] CodeEngine:255 - oldGeneratedFile, C:\Users\frmen\Documents\GitHub\GuitarTuner\GuitarTuner\MXTmpFiles\system.tmp_save
2024-09-27 14:24:48,131 [INFO] CodeEngine:279 - Generated code: C:\Users\frmen\Documents\GitHub\GuitarTuner\GuitarTuner\MXTmpFiles\system.tmp
2024-09-27 14:24:48,173 [INFO] CodeEngine:255 - oldGeneratedFile, C:\Users\frmen\Documents\GitHub\GuitarTuner\GuitarTuner\Core\Src\stm32f3xx_hal_timebase_tim.c_save
2024-09-27 14:24:48,266 [INFO] CodeEngine:279 - Generated code: C:\Users\frmen\Documents\GitHub\GuitarTuner\GuitarTuner\Core\Src\stm32f3xx_hal_timebase_tim.c
2024-09-27 14:24:48,291 [INFO] CodeEngine:311 - oldGeneratedFile, C:\Users\frmen\Documents\GitHub\GuitarTuner\GuitarTuner\Core\Inc\stm32f3xx_hal_conf.h_save
2024-09-27 14:24:48,351 [INFO] CodeEngine:335 - Generated code: C:\Users\frmen\Documents\GitHub\GuitarTuner\GuitarTuner\Core\Inc\stm32f3xx_hal_conf.h
2024-09-27 14:24:48,385 [WARN] IPConfigManager:3513 - IP not found : TIM
2024-09-27 14:24:48,387 [WARN] CodeGenerator:3951 - IP not found : null
2024-09-27 14:24:48,414 [INFO] CodeEngine:255 - oldGeneratedFile, C:\Users\frmen\Documents\GitHub\GuitarTuner\GuitarTuner\Core\Inc\main.h_save
2024-09-27 14:24:48,495 [INFO] CodeEngine:279 - Generated code: C:\Users\frmen\Documents\GitHub\GuitarTuner\GuitarTuner\Core\Inc\main.h
2024-09-27 14:24:48,523 [INFO] CodeEngine:255 - oldGeneratedFile, C:\Users\frmen\Documents\GitHub\GuitarTuner\GuitarTuner\Core\Src\main.c_save
2024-09-27 14:24:48,703 [INFO] CodeEngine:279 - Generated code: C:\Users\frmen\Documents\GitHub\GuitarTuner\GuitarTuner\Core\Src\main.c
2024-09-27 14:24:49,237 [INFO] ProjectBuilder:3163 - Time for Copy HAL[1] : 336mS.
2024-09-27 14:24:49,237 [WARN] ThirdPartyIpManager:480 - Condition 'CM3_GCC' not fulfilled in pack 'STMicroelectronics.X-CUBE-ALGOBUILD.1.4.0'
2024-09-27 14:24:49,237 [WARN] ThirdPartyIpManager:480 - Condition 'CM3_IAR' not fulfilled in pack 'STMicroelectronics.X-CUBE-ALGOBUILD.1.4.0'
2024-09-27 14:24:49,237 [WARN] ThirdPartyIpManager:480 - Condition 'CM3_Keil' not fulfilled in pack 'STMicroelectronics.X-CUBE-ALGOBUILD.1.4.0'
2024-09-27 14:24:49,238 [WARN] ThirdPartyIpManager:480 - Condition 'CM4_IAR' not fulfilled in pack 'STMicroelectronics.X-CUBE-ALGOBUILD.1.4.0'
2024-09-27 14:24:49,238 [WARN] ThirdPartyIpManager:480 - Condition 'CM4_Keil' not fulfilled in pack 'STMicroelectronics.X-CUBE-ALGOBUILD.1.4.0'
2024-09-27 14:24:49,238 [WARN] ThirdPartyIpManager:480 - Condition 'CM33_GCC' not fulfilled in pack 'STMicroelectronics.X-CUBE-ALGOBUILD.1.4.0'
2024-09-27 14:24:49,238 [WARN] ThirdPartyIpManager:480 - Condition 'CM33_IAR' not fulfilled in pack 'STMicroelectronics.X-CUBE-ALGOBUILD.1.4.0'
2024-09-27 14:24:49,238 [WARN] ThirdPartyIpManager:480 - Condition 'CM33_Keil' not fulfilled in pack 'STMicroelectronics.X-CUBE-ALGOBUILD.1.4.0'
2024-09-27 14:24:49,246 [INFO] ProjectBuilder:8898 - Time for Copy ThirdParty[1] : 7mS.
2024-09-27 14:24:49,253 [INFO] ProjectBuilder:4736 - Project Generator version: 4.3.0-B58
2024-09-27 14:24:49,318 [INFO] ConfigFileManager:1503 - The Die is : DIE446
2024-09-27 14:24:49,327 [INFO] ApiDbMcu:508 - Load IP Config File for FATFS
2024-09-27 14:24:49,345 [INFO] ApiDbMcu:508 - Load IP Config File for TOUCHSENSING
2024-09-27 14:24:49,362 [INFO] ApiDbMcu:508 - Load IP Config File for USB_DEVICE
2024-09-27 14:24:50,039 [INFO] LogOutputStream:77 - [STDOUT_REDIRECT] 
2024-09-27 14:24:51,953 [INFO] ProjectBuilder:5002 - Time for Generating toolchain IDE Files: 2699mS.
2024-09-27 14:24:51,954 [INFO] ProjectBuilder:3034 - Time for Copy CMSIS : 1mS.
2024-09-27 14:24:51,958 [INFO] ProjectBuilder:3034 - Time for Copy CMSIS : 0mS.
